============================================================
TABPFN SURVIVAL ANALYSIS: BINARY vs MULTI-CLASS COMPARISON
============================================================
Loaded data for 32 datasets
Binary approach datasets: 32
Multi-class approach datasets: 32
Common datasets for comparison: 32

============================================================
SUMMARY STATISTICS
============================================================

Binary Classification Approach:
         c_index        ibs   mean_auc
count  32.000000  32.000000  32.000000
mean    0.639791   0.201422   0.678225
std     0.141920   0.046387   0.168077
min     0.200000   0.082700   0.166700
25%     0.568525   0.180450   0.611450
50%     0.649050   0.197450   0.706600
75%     0.727175   0.235575   0.790700
max     0.932700   0.275400   0.895900

Multi-class (A/B/C/D) Classification Approach:
         c_index        ibs   mean_auc
count  32.000000  32.000000  32.000000
mean    0.657975   0.220241   0.643750
std     0.093998   0.056521   0.085221
min     0.500000   0.086900   0.500000
25%     0.605850   0.192550   0.589500
50%     0.640550   0.220850   0.626000
75%     0.698250   0.248875   0.697425
max     0.900400   0.359900   0.825100

Hyperparameter Selection (n_bins):
Binary approach n_bins distribution:
n_bins
3    32
Name: count, dtype: int64

Multi-class approach n_bins distribution:
n_bins
3     13
5      7
7      3
10     2
15     1
20     1
25     1
30     4
Name: count, dtype: int64

============================================================
STATISTICAL COMPARISON
============================================================

C_INDEX (Higher is better*):
  Binary mean:      0.6398 ± 0.1419
  Multi-class mean: 0.6580 ± 0.0940
  Difference:       -0.0182 ± 0.0862
  Better approach:  Multi-class
  Wins: Binary=10, Multi-class=20, Ties=2
  Paired t-test:    t=-1.193, p=0.2419
  Wilcoxon test:    W=160.0, p=0.1359
  Effect size (d):  -0.151
  Effect size:      negligible

IBS (Higher is better - LOWER IS BETTER*):
  Binary mean:      0.2014 ± 0.0464
  Multi-class mean: 0.2202 ± 0.0565
  Difference:       -0.0188 ± 0.0459
  Better approach:  Binary
  Wins: Binary=25, Multi-class=7, Ties=0
  Paired t-test:    t=-2.318, p=0.0272
  Wilcoxon test:    W=115.5, p=0.0055
  Effect size (d):  -0.364
  Effect size:      small

MEAN_AUC (Higher is better*):
  Binary mean:      0.6782 ± 0.1681
  Multi-class mean: 0.6438 ± 0.0852
  Difference:       0.0345 ± 0.1344
  Better approach:  Binary
  Wins: Binary=24, Multi-class=8, Ties=0
  Paired t-test:    t=1.451, p=0.1568
  Wilcoxon test:    W=132.0, p=0.0125
  Effect size (d):  0.259
  Effect size:      small

============================================================
DETAILED ANALYSIS
============================================================

Datasets where Binary Classification significantly outperforms Multi-class:

C_INDEX:
  cgd: Binary=0.7619, Multi-class=0.5714, Diff=0.1905
  glioma: Binary=0.8571, Multi-class=0.7143, Diff=0.1428
  diabetes: Binary=0.6773, Multi-class=0.5894, Diff=0.0879

IBS:
  pharmacoSmoking: Binary=0.2358, Multi-class=0.3599, Diff=0.1241
  ova: Binary=0.1782, Multi-class=0.2717, Diff=0.0935
  ovarian: Binary=0.2715, Multi-class=0.3592, Diff=0.0877

MEAN_AUC:
  vlbw: Binary=0.8959, Multi-class=0.6823, Diff=0.2136
  glioma: Binary=0.8582, Multi-class=0.6469, Diff=0.2113
  nki70: Binary=0.8819, Multi-class=0.6927, Diff=0.1892

Datasets where Multi-class Classification significantly outperforms Binary:

C_INDEX:
  ovarian: Binary=0.2000, Multi-class=0.5000, Diff=0.3000
  burn: Binary=0.4318, Multi-class=0.6250, Diff=0.1932
  cost: Binary=0.5780, Multi-class=0.6815, Diff=0.1035

IBS:
  burn: Binary=0.2668, Multi-class=0.1699, Diff=0.0969
  e1684: Binary=0.2754, Multi-class=0.2064, Diff=0.0690
  follic: Binary=0.2638, Multi-class=0.2021, Diff=0.0617

MEAN_AUC:
  burn: Binary=0.2087, Multi-class=0.6091, Diff=0.4004
  ovarian: Binary=0.1667, Multi-class=0.5000, Diff=0.3333
  hepatoCellular: Binary=0.6838, Multi-class=0.8251, Diff=0.1413

============================================================
CREATING VISUALIZATIONS
============================================================
Saved: performance_comparison_scatter.png
Saved: dataset_wise_comparison.png

============================================================
FINAL SUMMARY
============================================================

Overall Performance Summary:
  Binary approach wins:     2/3 metrics
  Multi-class approach wins: 1/3 metrics

🏆 WINNER: Binary Classification Approach

Key Insights:
- Total datasets compared: 32
- Statistical significance should be interpreted considering p-values
- Effect sizes indicate practical significance of differences
- Individual dataset performance may vary significantly

Comparison results saved to: binary_vs_multiclass_comparison.csv
Total runtime: 0h 0m 5s
