Total datasets: 7
Already processed: 0
Remaining to process: 7
Next datasets to process: ['FRTCS.csv', 'Rossi.csv', 'aids.csv', 'csl.csv', 'epileptic.csv', 'heart.csv', 'heartvalve.csv']
==================================================

Processing dataset: FRTCS (1/7)
Original dataset shape: (2091, 9)
Evaluation times: [1506.75 1627.   1740.25]
Train patients: 487, Test patients: 210
Default values calculated from processed train data (487 patients)
Evaluation dataset shape: (2091, 10)
Rows per patient: 3.0
Risk predictions:
    pid  row_index  eval_time  y_true  y_pred  surv_prob      risk
0   3.0          6    1506.75       0       0   0.999777  0.000223
1   3.0          7    1627.00       0       0   0.972225  0.027558
2   3.0          8    1740.25       0       0   0.943921  0.029113
3   7.0         18    1506.75       0       0   0.999777  0.000223
4   7.0         19    1627.00       0       0   0.997838  0.001940
5   7.0         20    1740.25       0       0   0.996455  0.001386
6   8.0         21    1506.75       0       0   0.999777  0.000223
7   8.0         22    1627.00       0       0   0.552087  0.447790
8   8.0         23    1740.25       0       0   0.520733  0.056791
9  11.0         30    1506.75       0       0   0.999777  0.000223
Checkpoint saved for dataset: FRTCS
==================================================

Processing dataset: Rossi (2/7)
Original dataset shape: (1405, 13)
Evaluation times: [17.  28.  41.5]
Train patients: 302, Test patients: 130
Default values calculated from processed train data (302 patients)
Patient 7 has no data before prev_eval_time 17.0, using default row.
Patient 13 has no data before prev_eval_time 17.0, using default row.
Patient 14 has no data before prev_eval_time 17.0, using default row.
Patient 21 has no data before prev_eval_time 17.0, using default row.
Patient 28 has no data before prev_eval_time 17.0, using default row.
Patient 37 has no data before prev_eval_time 17.0, using default row.
Patient 38 has no data before prev_eval_time 17.0, using default row.
Patient 42 has no data before prev_eval_time 17.0, using default row.
Patient 54 has no data before prev_eval_time 17.0, using default row.
Patient 60 has no data before prev_eval_time 17.0, using default row.
Patient 70 has no data before prev_eval_time 17.0, using default row.
Patient 81 has no data before prev_eval_time 17.0, using default row.
Patient 82 has no data before prev_eval_time 17.0, using default row.
Patient 86 has no data before prev_eval_time 17.0, using default row.
Patient 87 has no data before prev_eval_time 17.0, using default row.
Patient 88 has no data before prev_eval_time 17.0, using default row.
Patient 92 has no data before prev_eval_time 17.0, using default row.
Patient 96 has no data before prev_eval_time 17.0, using default row.
Patient 98 has no data before prev_eval_time 17.0, using default row.
Patient 113 has no data before prev_eval_time 17.0, using default row.
Patient 115 has no data before prev_eval_time 17.0, using default row.
Patient 116 has no data before prev_eval_time 17.0, using default row.
Patient 121 has no data before prev_eval_time 17.0, using default row.
Patient 126 has no data before prev_eval_time 17.0, using default row.
Patient 128 has no data before prev_eval_time 17.0, using default row.
Patient 136 has no data before prev_eval_time 17.0, using default row.
Patient 147 has no data before prev_eval_time 17.0, using default row.
Patient 151 has no data before prev_eval_time 17.0, using default row.
Patient 156 has no data before prev_eval_time 17.0, using default row.
Patient 159 has no data before prev_eval_time 17.0, using default row.
Patient 160 has no data before prev_eval_time 17.0, using default row.
Patient 171 has no data before prev_eval_time 17.0, using default row.
Patient 175 has no data before prev_eval_time 17.0, using default row.
Patient 178 has no data before prev_eval_time 17.0, using default row.
Patient 180 has no data before prev_eval_time 17.0, using default row.
Patient 182 has no data before prev_eval_time 17.0, using default row.
Patient 183 has no data before prev_eval_time 17.0, using default row.
Patient 186 has no data before prev_eval_time 17.0, using default row.
Patient 190 has no data before prev_eval_time 17.0, using default row.
Patient 193 has no data before prev_eval_time 17.0, using default row.
Patient 198 has no data before prev_eval_time 17.0, using default row.
Patient 201 has no data before prev_eval_time 17.0, using default row.
Patient 203 has no data before prev_eval_time 17.0, using default row.
Patient 216 has no data before prev_eval_time 17.0, using default row.
Patient 217 has no data before prev_eval_time 17.0, using default row.
Patient 221 has no data before prev_eval_time 17.0, using default row.
Patient 227 has no data before prev_eval_time 17.0, using default row.
Patient 237 has no data before prev_eval_time 17.0, using default row.
Patient 238 has no data before prev_eval_time 17.0, using default row.
Patient 242 has no data before prev_eval_time 17.0, using default row.
Patient 253 has no data before prev_eval_time 17.0, using default row.
Patient 255 has no data before prev_eval_time 17.0, using default row.
Patient 269 has no data before prev_eval_time 17.0, using default row.
Patient 271 has no data before prev_eval_time 17.0, using default row.
Patient 274 has no data before prev_eval_time 17.0, using default row.
Patient 279 has no data before prev_eval_time 17.0, using default row.
Patient 283 has no data before prev_eval_time 17.0, using default row.
Patient 293 has no data before prev_eval_time 17.0, using default row.
Patient 295 has no data before prev_eval_time 17.0, using default row.
Patient 303 has no data before prev_eval_time 17.0, using default row.
Patient 306 has no data before prev_eval_time 17.0, using default row.
Patient 307 has no data before prev_eval_time 17.0, using default row.
Patient 316 has no data before prev_eval_time 17.0, using default row.
Patient 318 has no data before prev_eval_time 17.0, using default row.
Patient 320 has no data before prev_eval_time 17.0, using default row.
Patient 324 has no data before prev_eval_time 17.0, using default row.
Patient 327 has no data before prev_eval_time 17.0, using default row.
Patient 328 has no data before prev_eval_time 17.0, using default row.
Patient 330 has no data before prev_eval_time 17.0, using default row.
Patient 331 has no data before prev_eval_time 17.0, using default row.
Patient 333 has no data before prev_eval_time 17.0, using default row.
Patient 338 has no data before prev_eval_time 17.0, using default row.
Patient 341 has no data before prev_eval_time 17.0, using default row.
Patient 349 has no data before prev_eval_time 17.0, using default row.
Patient 361 has no data before prev_eval_time 17.0, using default row.
Patient 366 has no data before prev_eval_time 17.0, using default row.
Patient 372 has no data before prev_eval_time 17.0, using default row.
Patient 373 has no data before prev_eval_time 17.0, using default row.
Patient 376 has no data before prev_eval_time 17.0, using default row.
Patient 377 has no data before prev_eval_time 17.0, using default row.
Patient 378 has no data before prev_eval_time 17.0, using default row.
Patient 385 has no data before prev_eval_time 17.0, using default row.
Patient 388 has no data before prev_eval_time 17.0, using default row.
Patient 390 has no data before prev_eval_time 17.0, using default row.
Patient 397 has no data before prev_eval_time 17.0, using default row.
Patient 398 has no data before prev_eval_time 17.0, using default row.
Patient 399 has no data before prev_eval_time 17.0, using default row.
Patient 403 has no data before prev_eval_time 17.0, using default row.
Patient 406 has no data before prev_eval_time 17.0, using default row.
Patient 408 has no data before prev_eval_time 17.0, using default row.
Patient 410 has no data before prev_eval_time 17.0, using default row.
Patient 411 has no data before prev_eval_time 17.0, using default row.
Patient 412 has no data before prev_eval_time 17.0, using default row.
Patient 414 has no data before prev_eval_time 17.0, using default row.
Patient 416 has no data before prev_eval_time 17.0, using default row.
Patient 418 has no data before prev_eval_time 17.0, using default row.
Patient 1 has no data before prev_eval_time 17.0, using default row.
Patient 8 has no data before prev_eval_time 17.0, using default row.
Patient 23 has no data before prev_eval_time 17.0, using default row.
Patient 30 has no data before prev_eval_time 17.0, using default row.
Patient 40 has no data before prev_eval_time 17.0, using default row.
Patient 56 has no data before prev_eval_time 17.0, using default row.
Patient 64 has no data before prev_eval_time 17.0, using default row.
Patient 73 has no data before prev_eval_time 17.0, using default row.
Patient 76 has no data before prev_eval_time 17.0, using default row.
Patient 79 has no data before prev_eval_time 17.0, using default row.
Patient 83 has no data before prev_eval_time 17.0, using default row.
Patient 91 has no data before prev_eval_time 17.0, using default row.
Patient 105 has no data before prev_eval_time 17.0, using default row.
Patient 109 has no data before prev_eval_time 17.0, using default row.
Patient 111 has no data before prev_eval_time 17.0, using default row.
Patient 114 has no data before prev_eval_time 17.0, using default row.
Patient 117 has no data before prev_eval_time 17.0, using default row.
Patient 125 has no data before prev_eval_time 17.0, using default row.
Patient 127 has no data before prev_eval_time 17.0, using default row.
Patient 133 has no data before prev_eval_time 17.0, using default row.
Patient 149 has no data before prev_eval_time 17.0, using default row.
Patient 169 has no data before prev_eval_time 17.0, using default row.
Patient 196 has no data before prev_eval_time 17.0, using default row.
Patient 200 has no data before prev_eval_time 17.0, using default row.
Patient 230 has no data before prev_eval_time 17.0, using default row.
Patient 232 has no data before prev_eval_time 17.0, using default row.
Patient 239 has no data before prev_eval_time 17.0, using default row.
Patient 273 has no data before prev_eval_time 17.0, using default row.
Patient 275 has no data before prev_eval_time 17.0, using default row.
Patient 276 has no data before prev_eval_time 17.0, using default row.
Patient 323 has no data before prev_eval_time 17.0, using default row.
Patient 335 has no data before prev_eval_time 17.0, using default row.
Patient 336 has no data before prev_eval_time 17.0, using default row.
Patient 353 has no data before prev_eval_time 17.0, using default row.
Patient 356 has no data before prev_eval_time 17.0, using default row.
Patient 357 has no data before prev_eval_time 17.0, using default row.
Patient 362 has no data before prev_eval_time 17.0, using default row.
Patient 380 has no data before prev_eval_time 17.0, using default row.
Patient 394 has no data before prev_eval_time 17.0, using default row.
Patient 401 has no data before prev_eval_time 17.0, using default row.
Patient 415 has no data before prev_eval_time 17.0, using default row.
Patient 419 has no data before prev_eval_time 17.0, using default row.
Patient 424 has no data before prev_eval_time 17.0, using default row.
Patient 425 has no data before prev_eval_time 17.0, using default row.
Patient 428 has no data before prev_eval_time 17.0, using default row.
Patient 21 has no data before prev_eval_time 28.0, using default row.
Patient 28 has no data before prev_eval_time 28.0, using default row.
Patient 54 has no data before prev_eval_time 28.0, using default row.
Patient 82 has no data before prev_eval_time 28.0, using default row.
Patient 86 has no data before prev_eval_time 28.0, using default row.
Patient 87 has no data before prev_eval_time 28.0, using default row.
Patient 115 has no data before prev_eval_time 28.0, using default row.
Patient 116 has no data before prev_eval_time 28.0, using default row.
Patient 121 has no data before prev_eval_time 28.0, using default row.
Patient 126 has no data before prev_eval_time 28.0, using default row.
Patient 128 has no data before prev_eval_time 28.0, using default row.
Patient 147 has no data before prev_eval_time 28.0, using default row.
Patient 151 has no data before prev_eval_time 28.0, using default row.
Patient 159 has no data before prev_eval_time 28.0, using default row.
Patient 171 has no data before prev_eval_time 28.0, using default row.
Patient 178 has no data before prev_eval_time 28.0, using default row.
Patient 180 has no data before prev_eval_time 28.0, using default row.
Patient 182 has no data before prev_eval_time 28.0, using default row.
Patient 183 has no data before prev_eval_time 28.0, using default row.
Patient 186 has no data before prev_eval_time 28.0, using default row.
Patient 193 has no data before prev_eval_time 28.0, using default row.
Patient 198 has no data before prev_eval_time 28.0, using default row.
Patient 201 has no data before prev_eval_time 28.0, using default row.
Patient 203 has no data before prev_eval_time 28.0, using default row.
Patient 217 has no data before prev_eval_time 28.0, using default row.
Patient 237 has no data before prev_eval_time 28.0, using default row.
Patient 238 has no data before prev_eval_time 28.0, using default row.
Patient 253 has no data before prev_eval_time 28.0, using default row.
Patient 255 has no data before prev_eval_time 28.0, using default row.
Patient 269 has no data before prev_eval_time 28.0, using default row.
Patient 274 has no data before prev_eval_time 28.0, using default row.
Patient 279 has no data before prev_eval_time 28.0, using default row.
Patient 283 has no data before prev_eval_time 28.0, using default row.
Patient 293 has no data before prev_eval_time 28.0, using default row.
Patient 295 has no data before prev_eval_time 28.0, using default row.
Patient 303 has no data before prev_eval_time 28.0, using default row.
Patient 306 has no data before prev_eval_time 28.0, using default row.
Patient 307 has no data before prev_eval_time 28.0, using default row.
Patient 320 has no data before prev_eval_time 28.0, using default row.
Patient 324 has no data before prev_eval_time 28.0, using default row.
Patient 330 has no data before prev_eval_time 28.0, using default row.
Patient 331 has no data before prev_eval_time 28.0, using default row.
Patient 333 has no data before prev_eval_time 28.0, using default row.
Patient 338 has no data before prev_eval_time 28.0, using default row.
Patient 341 has no data before prev_eval_time 28.0, using default row.
Patient 366 has no data before prev_eval_time 28.0, using default row.
Patient 373 has no data before prev_eval_time 28.0, using default row.
Patient 377 has no data before prev_eval_time 28.0, using default row.
Patient 390 has no data before prev_eval_time 28.0, using default row.
Patient 397 has no data before prev_eval_time 28.0, using default row.
Patient 398 has no data before prev_eval_time 28.0, using default row.
Patient 399 has no data before prev_eval_time 28.0, using default row.
Patient 403 has no data before prev_eval_time 28.0, using default row.
Patient 406 has no data before prev_eval_time 28.0, using default row.
Patient 408 has no data before prev_eval_time 28.0, using default row.
Patient 410 has no data before prev_eval_time 28.0, using default row.
Patient 414 has no data before prev_eval_time 28.0, using default row.
Patient 416 has no data before prev_eval_time 28.0, using default row.
Patient 418 has no data before prev_eval_time 28.0, using default row.
Patient 30 has no data before prev_eval_time 28.0, using default row.
Patient 40 has no data before prev_eval_time 28.0, using default row.
Patient 56 has no data before prev_eval_time 28.0, using default row.
Patient 64 has no data before prev_eval_time 28.0, using default row.
Patient 76 has no data before prev_eval_time 28.0, using default row.
Patient 79 has no data before prev_eval_time 28.0, using default row.
Patient 91 has no data before prev_eval_time 28.0, using default row.
Patient 105 has no data before prev_eval_time 28.0, using default row.
Patient 109 has no data before prev_eval_time 28.0, using default row.
Patient 111 has no data before prev_eval_time 28.0, using default row.
Patient 114 has no data before prev_eval_time 28.0, using default row.
Patient 125 has no data before prev_eval_time 28.0, using default row.
Patient 127 has no data before prev_eval_time 28.0, using default row.
Patient 133 has no data before prev_eval_time 28.0, using default row.
Patient 149 has no data before prev_eval_time 28.0, using default row.
Patient 169 has no data before prev_eval_time 28.0, using default row.
Patient 196 has no data before prev_eval_time 28.0, using default row.
Patient 273 has no data before prev_eval_time 28.0, using default row.
Patient 275 has no data before prev_eval_time 28.0, using default row.
Patient 276 has no data before prev_eval_time 28.0, using default row.
Patient 323 has no data before prev_eval_time 28.0, using default row.
Patient 335 has no data before prev_eval_time 28.0, using default row.
Patient 356 has no data before prev_eval_time 28.0, using default row.
Patient 362 has no data before prev_eval_time 28.0, using default row.
Patient 380 has no data before prev_eval_time 28.0, using default row.
Patient 401 has no data before prev_eval_time 28.0, using default row.
Patient 415 has no data before prev_eval_time 28.0, using default row.
Patient 419 has no data before prev_eval_time 28.0, using default row.
Evaluation dataset shape: (1296, 14)
Rows per patient: 3.0
Risk predictions:
   pid  row_index  eval_time  y_true  y_pred  surv_prob      risk
0  1.0          0       17.0       0       0   0.999953  0.000047
1  1.0          1       28.0       0       0   0.999908  0.000046
2  1.0          2       41.5       1       0   0.588058  0.411888
3  4.0          9       17.0       0       0   0.999953  0.000047
4  4.0         10       28.0       0       0   0.974846  0.025108
5  4.0         11       41.5       0       0   0.959144  0.016107
6  6.0         15       17.0       0       0   0.999953  0.000047
7  6.0         16       28.0       0       0   0.994088  0.005866
8  6.0         17       41.5       0       0   0.895928  0.098744
9  8.0         21       17.0       0       0   0.999953  0.000047
Checkpoint saved for dataset: Rossi
==================================================

Processing dataset: aids (3/7)
Original dataset shape: (1405, 9)
Evaluation times: [ 4.5925  8.6    11.6075]
Train patients: 326, Test patients: 141
Default values calculated from processed train data (326 patients)
Patient 2 has no data before prev_eval_time 4.592499999999999, using default row.
Patient 27 has no data before prev_eval_time 4.592499999999999, using default row.
Patient 28 has no data before prev_eval_time 4.592499999999999, using default row.
Patient 29 has no data before prev_eval_time 4.592499999999999, using default row.
Patient 36 has no data before prev_eval_time 4.592499999999999, using default row.
Patient 39 has no data before prev_eval_time 4.592499999999999, using default row.
Patient 42 has no data before prev_eval_time 4.592499999999999, using default row.
Patient 45 has no data before prev_eval_time 4.592499999999999, using default row.
Patient 53 has no data before prev_eval_time 4.592499999999999, using default row.
Patient 60 has no data before prev_eval_time 4.592499999999999, using default row.
Patient 66 has no data before prev_eval_time 4.592499999999999, using default row.
Patient 96 has no data before prev_eval_time 4.592499999999999, using default row.
Patient 99 has no data before prev_eval_time 4.592499999999999, using default row.
Patient 109 has no data before prev_eval_time 4.592499999999999, using default row.
Patient 113 has no data before prev_eval_time 4.592499999999999, using default row.
Patient 119 has no data before prev_eval_time 4.592499999999999, using default row.
Patient 123 has no data before prev_eval_time 4.592499999999999, using default row.
Patient 140 has no data before prev_eval_time 4.592499999999999, using default row.
Patient 152 has no data before prev_eval_time 4.592499999999999, using default row.
Patient 164 has no data before prev_eval_time 4.592499999999999, using default row.
Patient 166 has no data before prev_eval_time 4.592499999999999, using default row.
Patient 185 has no data before prev_eval_time 4.592499999999999, using default row.
Patient 217 has no data before prev_eval_time 4.592499999999999, using default row.
Patient 227 has no data before prev_eval_time 4.592499999999999, using default row.
Patient 231 has no data before prev_eval_time 4.592499999999999, using default row.
Patient 242 has no data before prev_eval_time 4.592499999999999, using default row.
Patient 247 has no data before prev_eval_time 4.592499999999999, using default row.
Patient 248 has no data before prev_eval_time 4.592499999999999, using default row.
Patient 277 has no data before prev_eval_time 4.592499999999999, using default row.
Patient 280 has no data before prev_eval_time 4.592499999999999, using default row.
Patient 291 has no data before prev_eval_time 4.592499999999999, using default row.
Patient 305 has no data before prev_eval_time 4.592499999999999, using default row.
Patient 320 has no data before prev_eval_time 4.592499999999999, using default row.
Patient 327 has no data before prev_eval_time 4.592499999999999, using default row.
Patient 332 has no data before prev_eval_time 4.592499999999999, using default row.
Patient 361 has no data before prev_eval_time 4.592499999999999, using default row.
Patient 364 has no data before prev_eval_time 4.592499999999999, using default row.
Patient 371 has no data before prev_eval_time 4.592499999999999, using default row.
Patient 375 has no data before prev_eval_time 4.592499999999999, using default row.
Patient 403 has no data before prev_eval_time 4.592499999999999, using default row.
Patient 413 has no data before prev_eval_time 4.592499999999999, using default row.
Patient 420 has no data before prev_eval_time 4.592499999999999, using default row.
Patient 429 has no data before prev_eval_time 4.592499999999999, using default row.
Patient 1 has no data before prev_eval_time 4.592499999999999, using default row.
Patient 23 has no data before prev_eval_time 4.592499999999999, using default row.
Patient 30 has no data before prev_eval_time 4.592499999999999, using default row.
Patient 32 has no data before prev_eval_time 4.592499999999999, using default row.
Patient 34 has no data before prev_eval_time 4.592499999999999, using default row.
Patient 43 has no data before prev_eval_time 4.592499999999999, using default row.
Patient 67 has no data before prev_eval_time 4.592499999999999, using default row.
Patient 117 has no data before prev_eval_time 4.592499999999999, using default row.
Patient 118 has no data before prev_eval_time 4.592499999999999, using default row.
Patient 156 has no data before prev_eval_time 4.592499999999999, using default row.
Patient 158 has no data before prev_eval_time 4.592499999999999, using default row.
Patient 173 has no data before prev_eval_time 4.592499999999999, using default row.
Patient 204 has no data before prev_eval_time 4.592499999999999, using default row.
Patient 239 has no data before prev_eval_time 4.592499999999999, using default row.
Patient 275 has no data before prev_eval_time 4.592499999999999, using default row.
Patient 306 has no data before prev_eval_time 4.592499999999999, using default row.
Patient 352 has no data before prev_eval_time 4.592499999999999, using default row.
Patient 425 has no data before prev_eval_time 4.592499999999999, using default row.
Patient 28 has no data before prev_eval_time 8.600000000000001, using default row.
Patient 42 has no data before prev_eval_time 8.600000000000001, using default row.
Patient 113 has no data before prev_eval_time 8.600000000000001, using default row.
Patient 123 has no data before prev_eval_time 8.600000000000001, using default row.
Patient 164 has no data before prev_eval_time 8.600000000000001, using default row.
Patient 227 has no data before prev_eval_time 8.600000000000001, using default row.
Patient 247 has no data before prev_eval_time 8.600000000000001, using default row.
Patient 248 has no data before prev_eval_time 8.600000000000001, using default row.
Patient 291 has no data before prev_eval_time 8.600000000000001, using default row.
Patient 320 has no data before prev_eval_time 8.600000000000001, using default row.
Patient 364 has no data before prev_eval_time 8.600000000000001, using default row.
Patient 403 has no data before prev_eval_time 8.600000000000001, using default row.
Patient 420 has no data before prev_eval_time 8.600000000000001, using default row.
Patient 23 has no data before prev_eval_time 8.600000000000001, using default row.
Patient 43 has no data before prev_eval_time 8.600000000000001, using default row.
Patient 352 has no data before prev_eval_time 8.600000000000001, using default row.
Patient 425 has no data before prev_eval_time 8.600000000000001, using default row.
Evaluation dataset shape: (1401, 10)
Rows per patient: 3.0
Risk predictions:
    pid  row_index  eval_time  y_true  y_pred  surv_prob      risk
0   1.0          0     4.5925       0       0   0.999361  0.000639
1   1.0          1     8.6000       0       0   0.998814  0.000547
2   1.0          2    11.6075       0       0   0.926976  0.071923
3   4.0          9     4.5925       0       0   0.999361  0.000639
4   4.0         10     8.6000       0       0   0.817695  0.181782
5   4.0         11    11.6075       0       0   0.639760  0.217605
6   6.0         15     4.5925       0       0   0.999361  0.000639
7   6.0         16     8.6000       1       0   0.732357  0.267175
8   6.0         17    11.6075       1       1   0.000000  1.000000
9  10.0         27     4.5925       0       0   0.999361  0.000639
Checkpoint saved for dataset: aids
==================================================

Processing dataset: csl (4/7)
Original dataset shape: (2481, 10)
Evaluation times: [0.75068493 2.35479452 4.96712329]
Train patients: 312, Test patients: 134
Default values calculated from processed train data (312 patients)
Patient 58 has no data before prev_eval_time 0.75068493150685, using default row.
Patient 277 has no data before prev_eval_time 0.75068493150685, using default row.
Patient 84 has no data before prev_eval_time 0.75068493150685, using default row.
Patient 142 has no data before prev_eval_time 0.75068493150685, using default row.
Patient 535 has no data before prev_eval_time 0.75068493150685, using default row.
Patient 142 has no data before prev_eval_time 2.3547945205479452, using default row.
Evaluation dataset shape: (1338, 11)
Rows per patient: 3.0
Risk predictions:
   pid  row_index  eval_time  y_true  y_pred  surv_prob      risk
0  1.0          0   0.750685       0       0   0.999923  0.000077
1  1.0          1   2.354795       1       0   0.926650  0.073279
2  1.0          2   4.967123       1       1   0.000000  1.000000
3  4.0          9   0.750685       0       0   0.999923  0.000077
4  4.0         10   2.354795       0       0   0.531045  0.468914
5  4.0         11   4.967123       1       1   0.020976  0.960501
6  6.0         15   0.750685       0       0   0.999923  0.000077
7  6.0         16   2.354795       0       0   0.790319  0.209620
8  6.0         17   4.967123       1       0   0.443617  0.438687
9  8.0         21   0.750685       0       0   0.999923  0.000077
Checkpoint saved for dataset: csl
==================================================

Processing dataset: epileptic (5/7)
Original dataset shape: (1286, 9)
Evaluation times: [166. 357. 663.]
Train patients: 423, Test patients: 182
Default values calculated from processed train data (423 patients)
Patient 9 has no data before prev_eval_time 166.0, using default row.
Patient 20 has no data before prev_eval_time 166.0, using default row.
Patient 28 has no data before prev_eval_time 166.0, using default row.
Patient 29 has no data before prev_eval_time 166.0, using default row.
Patient 33 has no data before prev_eval_time 166.0, using default row.
Patient 35 has no data before prev_eval_time 166.0, using default row.
Patient 36 has no data before prev_eval_time 166.0, using default row.
Patient 38 has no data before prev_eval_time 166.0, using default row.
Patient 43 has no data before prev_eval_time 166.0, using default row.
Patient 45 has no data before prev_eval_time 166.0, using default row.
Patient 53 has no data before prev_eval_time 166.0, using default row.
Patient 58 has no data before prev_eval_time 166.0, using default row.
Patient 60 has no data before prev_eval_time 166.0, using default row.
Patient 62 has no data before prev_eval_time 166.0, using default row.
Patient 63 has no data before prev_eval_time 166.0, using default row.
Patient 66 has no data before prev_eval_time 166.0, using default row.
Patient 81 has no data before prev_eval_time 166.0, using default row.
Patient 92 has no data before prev_eval_time 166.0, using default row.
Patient 98 has no data before prev_eval_time 166.0, using default row.
Patient 99 has no data before prev_eval_time 166.0, using default row.
Patient 100 has no data before prev_eval_time 166.0, using default row.
Patient 101 has no data before prev_eval_time 166.0, using default row.
Patient 115 has no data before prev_eval_time 166.0, using default row.
Patient 122 has no data before prev_eval_time 166.0, using default row.
Patient 123 has no data before prev_eval_time 166.0, using default row.
Patient 125 has no data before prev_eval_time 166.0, using default row.
Patient 126 has no data before prev_eval_time 166.0, using default row.
Patient 128 has no data before prev_eval_time 166.0, using default row.
Patient 129 has no data before prev_eval_time 166.0, using default row.
Patient 131 has no data before prev_eval_time 166.0, using default row.
Patient 134 has no data before prev_eval_time 166.0, using default row.
Patient 135 has no data before prev_eval_time 166.0, using default row.
Patient 137 has no data before prev_eval_time 166.0, using default row.
Patient 140 has no data before prev_eval_time 166.0, using default row.
Patient 151 has no data before prev_eval_time 166.0, using default row.
Patient 162 has no data before prev_eval_time 166.0, using default row.
Patient 163 has no data before prev_eval_time 166.0, using default row.
Patient 167 has no data before prev_eval_time 166.0, using default row.
Patient 171 has no data before prev_eval_time 166.0, using default row.
Patient 175 has no data before prev_eval_time 166.0, using default row.
Patient 176 has no data before prev_eval_time 166.0, using default row.
Patient 180 has no data before prev_eval_time 166.0, using default row.
Patient 186 has no data before prev_eval_time 166.0, using default row.
Patient 187 has no data before prev_eval_time 166.0, using default row.
Patient 188 has no data before prev_eval_time 166.0, using default row.
Patient 192 has no data before prev_eval_time 166.0, using default row.
Patient 194 has no data before prev_eval_time 166.0, using default row.
Patient 199 has no data before prev_eval_time 166.0, using default row.
Patient 204 has no data before prev_eval_time 166.0, using default row.
Patient 216 has no data before prev_eval_time 166.0, using default row.
Patient 217 has no data before prev_eval_time 166.0, using default row.
Patient 218 has no data before prev_eval_time 166.0, using default row.
Patient 229 has no data before prev_eval_time 166.0, using default row.
Patient 230 has no data before prev_eval_time 166.0, using default row.
Patient 237 has no data before prev_eval_time 166.0, using default row.
Patient 238 has no data before prev_eval_time 166.0, using default row.
Patient 240 has no data before prev_eval_time 166.0, using default row.
Patient 242 has no data before prev_eval_time 166.0, using default row.
Patient 244 has no data before prev_eval_time 166.0, using default row.
Patient 247 has no data before prev_eval_time 166.0, using default row.
Patient 251 has no data before prev_eval_time 166.0, using default row.
Patient 252 has no data before prev_eval_time 166.0, using default row.
Patient 253 has no data before prev_eval_time 166.0, using default row.
Patient 255 has no data before prev_eval_time 166.0, using default row.
Patient 259 has no data before prev_eval_time 166.0, using default row.
Patient 263 has no data before prev_eval_time 166.0, using default row.
Patient 267 has no data before prev_eval_time 166.0, using default row.
Patient 268 has no data before prev_eval_time 166.0, using default row.
Patient 270 has no data before prev_eval_time 166.0, using default row.
Patient 273 has no data before prev_eval_time 166.0, using default row.
Patient 279 has no data before prev_eval_time 166.0, using default row.
Patient 283 has no data before prev_eval_time 166.0, using default row.
Patient 284 has no data before prev_eval_time 166.0, using default row.
Patient 293 has no data before prev_eval_time 166.0, using default row.
Patient 294 has no data before prev_eval_time 166.0, using default row.
Patient 295 has no data before prev_eval_time 166.0, using default row.
Patient 303 has no data before prev_eval_time 166.0, using default row.
Patient 310 has no data before prev_eval_time 166.0, using default row.
Patient 312 has no data before prev_eval_time 166.0, using default row.
Patient 313 has no data before prev_eval_time 166.0, using default row.
Patient 314 has no data before prev_eval_time 166.0, using default row.
Patient 315 has no data before prev_eval_time 166.0, using default row.
Patient 324 has no data before prev_eval_time 166.0, using default row.
Patient 326 has no data before prev_eval_time 166.0, using default row.
Patient 328 has no data before prev_eval_time 166.0, using default row.
Patient 329 has no data before prev_eval_time 166.0, using default row.
Patient 330 has no data before prev_eval_time 166.0, using default row.
Patient 331 has no data before prev_eval_time 166.0, using default row.
Patient 334 has no data before prev_eval_time 166.0, using default row.
Patient 336 has no data before prev_eval_time 166.0, using default row.
Patient 340 has no data before prev_eval_time 166.0, using default row.
Patient 343 has no data before prev_eval_time 166.0, using default row.
Patient 346 has no data before prev_eval_time 166.0, using default row.
Patient 347 has no data before prev_eval_time 166.0, using default row.
Patient 349 has no data before prev_eval_time 166.0, using default row.
Patient 352 has no data before prev_eval_time 166.0, using default row.
Patient 357 has no data before prev_eval_time 166.0, using default row.
Patient 360 has no data before prev_eval_time 166.0, using default row.
Patient 370 has no data before prev_eval_time 166.0, using default row.
Patient 372 has no data before prev_eval_time 166.0, using default row.
Patient 377 has no data before prev_eval_time 166.0, using default row.
Patient 378 has no data before prev_eval_time 166.0, using default row.
Patient 381 has no data before prev_eval_time 166.0, using default row.
Patient 382 has no data before prev_eval_time 166.0, using default row.
Patient 385 has no data before prev_eval_time 166.0, using default row.
Patient 386 has no data before prev_eval_time 166.0, using default row.
Patient 387 has no data before prev_eval_time 166.0, using default row.
Patient 393 has no data before prev_eval_time 166.0, using default row.
Patient 394 has no data before prev_eval_time 166.0, using default row.
Patient 396 has no data before prev_eval_time 166.0, using default row.
Patient 398 has no data before prev_eval_time 166.0, using default row.
Patient 399 has no data before prev_eval_time 166.0, using default row.
Patient 400 has no data before prev_eval_time 166.0, using default row.
Patient 401 has no data before prev_eval_time 166.0, using default row.
Patient 404 has no data before prev_eval_time 166.0, using default row.
Patient 408 has no data before prev_eval_time 166.0, using default row.
Patient 416 has no data before prev_eval_time 166.0, using default row.
Patient 420 has no data before prev_eval_time 166.0, using default row.
Patient 424 has no data before prev_eval_time 166.0, using default row.
Patient 425 has no data before prev_eval_time 166.0, using default row.
Patient 427 has no data before prev_eval_time 166.0, using default row.
Patient 429 has no data before prev_eval_time 166.0, using default row.
Patient 432 has no data before prev_eval_time 166.0, using default row.
Patient 437 has no data before prev_eval_time 166.0, using default row.
Patient 439 has no data before prev_eval_time 166.0, using default row.
Patient 441 has no data before prev_eval_time 166.0, using default row.
Patient 443 has no data before prev_eval_time 166.0, using default row.
Patient 445 has no data before prev_eval_time 166.0, using default row.
Patient 449 has no data before prev_eval_time 166.0, using default row.
Patient 456 has no data before prev_eval_time 166.0, using default row.
Patient 459 has no data before prev_eval_time 166.0, using default row.
Patient 466 has no data before prev_eval_time 166.0, using default row.
Patient 467 has no data before prev_eval_time 166.0, using default row.
Patient 470 has no data before prev_eval_time 166.0, using default row.
Patient 471 has no data before prev_eval_time 166.0, using default row.
Patient 472 has no data before prev_eval_time 166.0, using default row.
Patient 475 has no data before prev_eval_time 166.0, using default row.
Patient 479 has no data before prev_eval_time 166.0, using default row.
Patient 480 has no data before prev_eval_time 166.0, using default row.
Patient 481 has no data before prev_eval_time 166.0, using default row.
Patient 482 has no data before prev_eval_time 166.0, using default row.
Patient 483 has no data before prev_eval_time 166.0, using default row.
Patient 485 has no data before prev_eval_time 166.0, using default row.
Patient 486 has no data before prev_eval_time 166.0, using default row.
Patient 487 has no data before prev_eval_time 166.0, using default row.
Patient 488 has no data before prev_eval_time 166.0, using default row.
Patient 489 has no data before prev_eval_time 166.0, using default row.
Patient 502 has no data before prev_eval_time 166.0, using default row.
Patient 505 has no data before prev_eval_time 166.0, using default row.
Patient 507 has no data before prev_eval_time 166.0, using default row.
Patient 508 has no data before prev_eval_time 166.0, using default row.
Patient 510 has no data before prev_eval_time 166.0, using default row.
Patient 514 has no data before prev_eval_time 166.0, using default row.
Patient 518 has no data before prev_eval_time 166.0, using default row.
Patient 521 has no data before prev_eval_time 166.0, using default row.
Patient 523 has no data before prev_eval_time 166.0, using default row.
Patient 524 has no data before prev_eval_time 166.0, using default row.
Patient 525 has no data before prev_eval_time 166.0, using default row.
Patient 526 has no data before prev_eval_time 166.0, using default row.
Patient 527 has no data before prev_eval_time 166.0, using default row.
Patient 532 has no data before prev_eval_time 166.0, using default row.
Patient 547 has no data before prev_eval_time 166.0, using default row.
Patient 553 has no data before prev_eval_time 166.0, using default row.
Patient 556 has no data before prev_eval_time 166.0, using default row.
Patient 558 has no data before prev_eval_time 166.0, using default row.
Patient 559 has no data before prev_eval_time 166.0, using default row.
Patient 563 has no data before prev_eval_time 166.0, using default row.
Patient 567 has no data before prev_eval_time 166.0, using default row.
Patient 569 has no data before prev_eval_time 166.0, using default row.
Patient 573 has no data before prev_eval_time 166.0, using default row.
Patient 581 has no data before prev_eval_time 166.0, using default row.
Patient 582 has no data before prev_eval_time 166.0, using default row.
Patient 584 has no data before prev_eval_time 166.0, using default row.
Patient 587 has no data before prev_eval_time 166.0, using default row.
Patient 588 has no data before prev_eval_time 166.0, using default row.
Patient 590 has no data before prev_eval_time 166.0, using default row.
Patient 596 has no data before prev_eval_time 166.0, using default row.
Patient 604 has no data before prev_eval_time 166.0, using default row.
Patient 3 has no data before prev_eval_time 166.0, using default row.
Patient 10 has no data before prev_eval_time 166.0, using default row.
Patient 12 has no data before prev_eval_time 166.0, using default row.
Patient 31 has no data before prev_eval_time 166.0, using default row.
Patient 34 has no data before prev_eval_time 166.0, using default row.
Patient 61 has no data before prev_eval_time 166.0, using default row.
Patient 71 has no data before prev_eval_time 166.0, using default row.
Patient 79 has no data before prev_eval_time 166.0, using default row.
Patient 83 has no data before prev_eval_time 166.0, using default row.
Patient 84 has no data before prev_eval_time 166.0, using default row.
Patient 85 has no data before prev_eval_time 166.0, using default row.
Patient 111 has no data before prev_eval_time 166.0, using default row.
Patient 132 has no data before prev_eval_time 166.0, using default row.
Patient 141 has no data before prev_eval_time 166.0, using default row.
Patient 178 has no data before prev_eval_time 166.0, using default row.
Patient 189 has no data before prev_eval_time 166.0, using default row.
Patient 212 has no data before prev_eval_time 166.0, using default row.
Patient 213 has no data before prev_eval_time 166.0, using default row.
Patient 228 has no data before prev_eval_time 166.0, using default row.
Patient 232 has no data before prev_eval_time 166.0, using default row.
Patient 235 has no data before prev_eval_time 166.0, using default row.
Patient 245 has no data before prev_eval_time 166.0, using default row.
Patient 246 has no data before prev_eval_time 166.0, using default row.
Patient 248 has no data before prev_eval_time 166.0, using default row.
Patient 262 has no data before prev_eval_time 166.0, using default row.
Patient 275 has no data before prev_eval_time 166.0, using default row.
Patient 278 has no data before prev_eval_time 166.0, using default row.
Patient 285 has no data before prev_eval_time 166.0, using default row.
Patient 288 has no data before prev_eval_time 166.0, using default row.
Patient 300 has no data before prev_eval_time 166.0, using default row.
Patient 302 has no data before prev_eval_time 166.0, using default row.
Patient 317 has no data before prev_eval_time 166.0, using default row.
Patient 323 has no data before prev_eval_time 166.0, using default row.
Patient 332 has no data before prev_eval_time 166.0, using default row.
Patient 333 has no data before prev_eval_time 166.0, using default row.
Patient 353 has no data before prev_eval_time 166.0, using default row.
Patient 355 has no data before prev_eval_time 166.0, using default row.
Patient 365 has no data before prev_eval_time 166.0, using default row.
Patient 369 has no data before prev_eval_time 166.0, using default row.
Patient 389 has no data before prev_eval_time 166.0, using default row.
Patient 403 has no data before prev_eval_time 166.0, using default row.
Patient 413 has no data before prev_eval_time 166.0, using default row.
Patient 430 has no data before prev_eval_time 166.0, using default row.
Patient 434 has no data before prev_eval_time 166.0, using default row.
Patient 435 has no data before prev_eval_time 166.0, using default row.
Patient 440 has no data before prev_eval_time 166.0, using default row.
Patient 442 has no data before prev_eval_time 166.0, using default row.
Patient 446 has no data before prev_eval_time 166.0, using default row.
Patient 452 has no data before prev_eval_time 166.0, using default row.
Patient 464 has no data before prev_eval_time 166.0, using default row.
Patient 465 has no data before prev_eval_time 166.0, using default row.
Patient 473 has no data before prev_eval_time 166.0, using default row.
Patient 478 has no data before prev_eval_time 166.0, using default row.
Patient 494 has no data before prev_eval_time 166.0, using default row.
Patient 495 has no data before prev_eval_time 166.0, using default row.
Patient 500 has no data before prev_eval_time 166.0, using default row.
Patient 503 has no data before prev_eval_time 166.0, using default row.
Patient 515 has no data before prev_eval_time 166.0, using default row.
Patient 517 has no data before prev_eval_time 166.0, using default row.
Patient 520 has no data before prev_eval_time 166.0, using default row.
Patient 533 has no data before prev_eval_time 166.0, using default row.
Patient 540 has no data before prev_eval_time 166.0, using default row.
Patient 544 has no data before prev_eval_time 166.0, using default row.
Patient 546 has no data before prev_eval_time 166.0, using default row.
Patient 551 has no data before prev_eval_time 166.0, using default row.
Patient 554 has no data before prev_eval_time 166.0, using default row.
Patient 565 has no data before prev_eval_time 166.0, using default row.
Patient 575 has no data before prev_eval_time 166.0, using default row.
Patient 601 has no data before prev_eval_time 166.0, using default row.
Patient 602 has no data before prev_eval_time 166.0, using default row.
Patient 9 has no data before prev_eval_time 357.0, using default row.
Patient 28 has no data before prev_eval_time 357.0, using default row.
Patient 35 has no data before prev_eval_time 357.0, using default row.
Patient 36 has no data before prev_eval_time 357.0, using default row.
Patient 38 has no data before prev_eval_time 357.0, using default row.
Patient 43 has no data before prev_eval_time 357.0, using default row.
Patient 58 has no data before prev_eval_time 357.0, using default row.
Patient 62 has no data before prev_eval_time 357.0, using default row.
Patient 92 has no data before prev_eval_time 357.0, using default row.
Patient 99 has no data before prev_eval_time 357.0, using default row.
Patient 100 has no data before prev_eval_time 357.0, using default row.
Patient 122 has no data before prev_eval_time 357.0, using default row.
Patient 123 has no data before prev_eval_time 357.0, using default row.
Patient 125 has no data before prev_eval_time 357.0, using default row.
Patient 126 has no data before prev_eval_time 357.0, using default row.
Patient 129 has no data before prev_eval_time 357.0, using default row.
Patient 134 has no data before prev_eval_time 357.0, using default row.
Patient 135 has no data before prev_eval_time 357.0, using default row.
Patient 137 has no data before prev_eval_time 357.0, using default row.
Patient 140 has no data before prev_eval_time 357.0, using default row.
Patient 167 has no data before prev_eval_time 357.0, using default row.
Patient 171 has no data before prev_eval_time 357.0, using default row.
Patient 176 has no data before prev_eval_time 357.0, using default row.
Patient 180 has no data before prev_eval_time 357.0, using default row.
Patient 186 has no data before prev_eval_time 357.0, using default row.
Patient 187 has no data before prev_eval_time 357.0, using default row.
Patient 188 has no data before prev_eval_time 357.0, using default row.
Patient 192 has no data before prev_eval_time 357.0, using default row.
Patient 199 has no data before prev_eval_time 357.0, using default row.
Patient 204 has no data before prev_eval_time 357.0, using default row.
Patient 216 has no data before prev_eval_time 357.0, using default row.
Patient 217 has no data before prev_eval_time 357.0, using default row.
Patient 229 has no data before prev_eval_time 357.0, using default row.
Patient 230 has no data before prev_eval_time 357.0, using default row.
Patient 238 has no data before prev_eval_time 357.0, using default row.
Patient 240 has no data before prev_eval_time 357.0, using default row.
Patient 242 has no data before prev_eval_time 357.0, using default row.
Patient 247 has no data before prev_eval_time 357.0, using default row.
Patient 252 has no data before prev_eval_time 357.0, using default row.
Patient 255 has no data before prev_eval_time 357.0, using default row.
Patient 263 has no data before prev_eval_time 357.0, using default row.
Patient 267 has no data before prev_eval_time 357.0, using default row.
Patient 268 has no data before prev_eval_time 357.0, using default row.
Patient 270 has no data before prev_eval_time 357.0, using default row.
Patient 273 has no data before prev_eval_time 357.0, using default row.
Patient 284 has no data before prev_eval_time 357.0, using default row.
Patient 293 has no data before prev_eval_time 357.0, using default row.
Patient 294 has no data before prev_eval_time 357.0, using default row.
Patient 303 has no data before prev_eval_time 357.0, using default row.
Patient 313 has no data before prev_eval_time 357.0, using default row.
Patient 324 has no data before prev_eval_time 357.0, using default row.
Patient 328 has no data before prev_eval_time 357.0, using default row.
Patient 329 has no data before prev_eval_time 357.0, using default row.
Patient 330 has no data before prev_eval_time 357.0, using default row.
Patient 331 has no data before prev_eval_time 357.0, using default row.
Patient 336 has no data before prev_eval_time 357.0, using default row.
Patient 343 has no data before prev_eval_time 357.0, using default row.
Patient 349 has no data before prev_eval_time 357.0, using default row.
Patient 352 has no data before prev_eval_time 357.0, using default row.
Patient 357 has no data before prev_eval_time 357.0, using default row.
Patient 370 has no data before prev_eval_time 357.0, using default row.
Patient 377 has no data before prev_eval_time 357.0, using default row.
Patient 378 has no data before prev_eval_time 357.0, using default row.
Patient 381 has no data before prev_eval_time 357.0, using default row.
Patient 385 has no data before prev_eval_time 357.0, using default row.
Patient 386 has no data before prev_eval_time 357.0, using default row.
Patient 393 has no data before prev_eval_time 357.0, using default row.
Patient 394 has no data before prev_eval_time 357.0, using default row.
Patient 396 has no data before prev_eval_time 357.0, using default row.
Patient 399 has no data before prev_eval_time 357.0, using default row.
Patient 400 has no data before prev_eval_time 357.0, using default row.
Patient 401 has no data before prev_eval_time 357.0, using default row.
Patient 404 has no data before prev_eval_time 357.0, using default row.
Patient 420 has no data before prev_eval_time 357.0, using default row.
Patient 424 has no data before prev_eval_time 357.0, using default row.
Patient 425 has no data before prev_eval_time 357.0, using default row.
Patient 427 has no data before prev_eval_time 357.0, using default row.
Patient 429 has no data before prev_eval_time 357.0, using default row.
Patient 437 has no data before prev_eval_time 357.0, using default row.
Patient 439 has no data before prev_eval_time 357.0, using default row.
Patient 441 has no data before prev_eval_time 357.0, using default row.
Patient 443 has no data before prev_eval_time 357.0, using default row.
Patient 449 has no data before prev_eval_time 357.0, using default row.
Patient 456 has no data before prev_eval_time 357.0, using default row.
Patient 467 has no data before prev_eval_time 357.0, using default row.
Patient 472 has no data before prev_eval_time 357.0, using default row.
Patient 479 has no data before prev_eval_time 357.0, using default row.
Patient 483 has no data before prev_eval_time 357.0, using default row.
Patient 488 has no data before prev_eval_time 357.0, using default row.
Patient 489 has no data before prev_eval_time 357.0, using default row.
Patient 505 has no data before prev_eval_time 357.0, using default row.
Patient 508 has no data before prev_eval_time 357.0, using default row.
Patient 510 has no data before prev_eval_time 357.0, using default row.
Patient 521 has no data before prev_eval_time 357.0, using default row.
Patient 523 has no data before prev_eval_time 357.0, using default row.
Patient 525 has no data before prev_eval_time 357.0, using default row.
Patient 526 has no data before prev_eval_time 357.0, using default row.
Patient 553 has no data before prev_eval_time 357.0, using default row.
Patient 558 has no data before prev_eval_time 357.0, using default row.
Patient 559 has no data before prev_eval_time 357.0, using default row.
Patient 563 has no data before prev_eval_time 357.0, using default row.
Patient 567 has no data before prev_eval_time 357.0, using default row.
Patient 569 has no data before prev_eval_time 357.0, using default row.
Patient 573 has no data before prev_eval_time 357.0, using default row.
Patient 581 has no data before prev_eval_time 357.0, using default row.
Patient 584 has no data before prev_eval_time 357.0, using default row.
Patient 587 has no data before prev_eval_time 357.0, using default row.
Patient 590 has no data before prev_eval_time 357.0, using default row.
Patient 596 has no data before prev_eval_time 357.0, using default row.
Patient 604 has no data before prev_eval_time 357.0, using default row.
Patient 3 has no data before prev_eval_time 357.0, using default row.
Patient 10 has no data before prev_eval_time 357.0, using default row.
Patient 31 has no data before prev_eval_time 357.0, using default row.
Patient 34 has no data before prev_eval_time 357.0, using default row.
Patient 71 has no data before prev_eval_time 357.0, using default row.
Patient 85 has no data before prev_eval_time 357.0, using default row.
Patient 111 has no data before prev_eval_time 357.0, using default row.
Patient 132 has no data before prev_eval_time 357.0, using default row.
Patient 141 has no data before prev_eval_time 357.0, using default row.
Patient 189 has no data before prev_eval_time 357.0, using default row.
Patient 212 has no data before prev_eval_time 357.0, using default row.
Patient 213 has no data before prev_eval_time 357.0, using default row.
Patient 232 has no data before prev_eval_time 357.0, using default row.
Patient 245 has no data before prev_eval_time 357.0, using default row.
Patient 246 has no data before prev_eval_time 357.0, using default row.
Patient 248 has no data before prev_eval_time 357.0, using default row.
Patient 275 has no data before prev_eval_time 357.0, using default row.
Patient 285 has no data before prev_eval_time 357.0, using default row.
Patient 288 has no data before prev_eval_time 357.0, using default row.
Patient 300 has no data before prev_eval_time 357.0, using default row.
Patient 302 has no data before prev_eval_time 357.0, using default row.
Patient 317 has no data before prev_eval_time 357.0, using default row.
Patient 332 has no data before prev_eval_time 357.0, using default row.
Patient 333 has no data before prev_eval_time 357.0, using default row.
Patient 353 has no data before prev_eval_time 357.0, using default row.
Patient 365 has no data before prev_eval_time 357.0, using default row.
Patient 369 has no data before prev_eval_time 357.0, using default row.
Patient 389 has no data before prev_eval_time 357.0, using default row.
Patient 403 has no data before prev_eval_time 357.0, using default row.
Patient 430 has no data before prev_eval_time 357.0, using default row.
Patient 434 has no data before prev_eval_time 357.0, using default row.
Patient 435 has no data before prev_eval_time 357.0, using default row.
Patient 440 has no data before prev_eval_time 357.0, using default row.
Patient 442 has no data before prev_eval_time 357.0, using default row.
Patient 446 has no data before prev_eval_time 357.0, using default row.
Patient 452 has no data before prev_eval_time 357.0, using default row.
Patient 464 has no data before prev_eval_time 357.0, using default row.
Patient 465 has no data before prev_eval_time 357.0, using default row.
Patient 473 has no data before prev_eval_time 357.0, using default row.
Patient 494 has no data before prev_eval_time 357.0, using default row.
Patient 495 has no data before prev_eval_time 357.0, using default row.
Patient 500 has no data before prev_eval_time 357.0, using default row.
Patient 503 has no data before prev_eval_time 357.0, using default row.
Patient 515 has no data before prev_eval_time 357.0, using default row.
Patient 517 has no data before prev_eval_time 357.0, using default row.
Patient 520 has no data before prev_eval_time 357.0, using default row.
Patient 533 has no data before prev_eval_time 357.0, using default row.
Patient 544 has no data before prev_eval_time 357.0, using default row.
Patient 546 has no data before prev_eval_time 357.0, using default row.
Patient 551 has no data before prev_eval_time 357.0, using default row.
Patient 554 has no data before prev_eval_time 357.0, using default row.
Patient 565 has no data before prev_eval_time 357.0, using default row.
Patient 601 has no data before prev_eval_time 357.0, using default row.
Patient 602 has no data before prev_eval_time 357.0, using default row.
Evaluation dataset shape: (1815, 10)
Rows per patient: 3.0
Risk predictions:
    pid  row_index  eval_time  y_true  y_pred  surv_prob      risk
0   1.0          0      166.0       0       0   0.999954  0.000046
1   1.0          1      357.0       0       0   0.949111  0.050845
2   1.0          2      663.0       0       0   0.810869  0.145654
3   3.0          6      166.0       0       0   0.999954  0.000046
4   3.0          7      357.0       0       0   0.999903  0.000051
5   3.0          8      663.0       0       0   0.999599  0.000304
6   7.0         18      166.0       0       0   0.999954  0.000046
7   7.0         19      357.0       1       1   0.010120  0.989880
8   7.0         20      663.0       1       1   0.000000  1.000000
9  10.0         27      166.0       0       0   0.999954  0.000046
Checkpoint saved for dataset: epileptic
==================================================

Processing dataset: heart (6/7)
Original dataset shape: (172, 8)
Evaluation times: [ 19.5  66.  175.5]
Train patients: 72, Test patients: 31
Default values calculated from processed train data (72 patients)
Patient 4 has no data before prev_eval_time 19.5, using default row.
Patient 7 has no data before prev_eval_time 19.5, using default row.
Patient 8 has no data before prev_eval_time 19.5, using default row.
Patient 9 has no data before prev_eval_time 19.5, using default row.
Patient 14 has no data before prev_eval_time 19.5, using default row.
Patient 17 has no data before prev_eval_time 19.5, using default row.
Patient 18 has no data before prev_eval_time 19.5, using default row.
Patient 24 has no data before prev_eval_time 19.5, using default row.
Patient 25 has no data before prev_eval_time 19.5, using default row.
Patient 26 has no data before prev_eval_time 19.5, using default row.
Patient 28 has no data before prev_eval_time 19.5, using default row.
Patient 29 has no data before prev_eval_time 19.5, using default row.
Patient 33 has no data before prev_eval_time 19.5, using default row.
Patient 36 has no data before prev_eval_time 19.5, using default row.
Patient 44 has no data before prev_eval_time 19.5, using default row.
Patient 47 has no data before prev_eval_time 19.5, using default row.
Patient 49 has no data before prev_eval_time 19.5, using default row.
Patient 50 has no data before prev_eval_time 19.5, using default row.
Patient 51 has no data before prev_eval_time 19.5, using default row.
Patient 52 has no data before prev_eval_time 19.5, using default row.
Patient 53 has no data before prev_eval_time 19.5, using default row.
Patient 56 has no data before prev_eval_time 19.5, using default row.
Patient 57 has no data before prev_eval_time 19.5, using default row.
Patient 58 has no data before prev_eval_time 19.5, using default row.
Patient 59 has no data before prev_eval_time 19.5, using default row.
Patient 62 has no data before prev_eval_time 19.5, using default row.
Patient 64 has no data before prev_eval_time 19.5, using default row.
Patient 66 has no data before prev_eval_time 19.5, using default row.
Patient 67 has no data before prev_eval_time 19.5, using default row.
Patient 71 has no data before prev_eval_time 19.5, using default row.
Patient 73 has no data before prev_eval_time 19.5, using default row.
Patient 76 has no data before prev_eval_time 19.5, using default row.
Patient 78 has no data before prev_eval_time 19.5, using default row.
Patient 79 has no data before prev_eval_time 19.5, using default row.
Patient 82 has no data before prev_eval_time 19.5, using default row.
Patient 83 has no data before prev_eval_time 19.5, using default row.
Patient 84 has no data before prev_eval_time 19.5, using default row.
Patient 87 has no data before prev_eval_time 19.5, using default row.
Patient 88 has no data before prev_eval_time 19.5, using default row.
Patient 89 has no data before prev_eval_time 19.5, using default row.
Patient 90 has no data before prev_eval_time 19.5, using default row.
Patient 92 has no data before prev_eval_time 19.5, using default row.
Patient 93 has no data before prev_eval_time 19.5, using default row.
Patient 97 has no data before prev_eval_time 19.5, using default row.
Patient 100 has no data before prev_eval_time 19.5, using default row.
Patient 1 has no data before prev_eval_time 19.5, using default row.
Patient 11 has no data before prev_eval_time 19.5, using default row.
Patient 16 has no data before prev_eval_time 19.5, using default row.
Patient 19 has no data before prev_eval_time 19.5, using default row.
Patient 27 has no data before prev_eval_time 19.5, using default row.
Patient 34 has no data before prev_eval_time 19.5, using default row.
Patient 40 has no data before prev_eval_time 19.5, using default row.
Patient 41 has no data before prev_eval_time 19.5, using default row.
Patient 63 has no data before prev_eval_time 19.5, using default row.
Patient 77 has no data before prev_eval_time 19.5, using default row.
Patient 80 has no data before prev_eval_time 19.5, using default row.
Patient 91 has no data before prev_eval_time 19.5, using default row.
Patient 98 has no data before prev_eval_time 19.5, using default row.
Patient 99 has no data before prev_eval_time 19.5, using default row.
Patient 101 has no data before prev_eval_time 19.5, using default row.
Patient 9 has no data before prev_eval_time 66.0, using default row.
Patient 24 has no data before prev_eval_time 66.0, using default row.
Patient 26 has no data before prev_eval_time 66.0, using default row.
Patient 28 has no data before prev_eval_time 66.0, using default row.
Patient 50 has no data before prev_eval_time 66.0, using default row.
Patient 52 has no data before prev_eval_time 66.0, using default row.
Patient 56 has no data before prev_eval_time 66.0, using default row.
Patient 57 has no data before prev_eval_time 66.0, using default row.
Patient 59 has no data before prev_eval_time 66.0, using default row.
Patient 62 has no data before prev_eval_time 66.0, using default row.
Patient 78 has no data before prev_eval_time 66.0, using default row.
Patient 79 has no data before prev_eval_time 66.0, using default row.
Patient 82 has no data before prev_eval_time 66.0, using default row.
Patient 89 has no data before prev_eval_time 66.0, using default row.
Patient 90 has no data before prev_eval_time 66.0, using default row.
Patient 92 has no data before prev_eval_time 66.0, using default row.
Patient 27 has no data before prev_eval_time 66.0, using default row.
Patient 91 has no data before prev_eval_time 66.0, using default row.
Patient 98 has no data before prev_eval_time 66.0, using default row.
Evaluation dataset shape: (309, 9)
Rows per patient: 3.0
Risk predictions:
    pid  row_index  eval_time  y_true  y_pred  surv_prob      risk
0   1.0          0       19.5       0       0   0.999338  0.000662
1   1.0          1       66.0       0       0   0.998726  0.000613
2   1.0          2      175.5       1       1   0.231932  0.767772
3   5.0         12       19.5       0       0   0.999338  0.000662
4   5.0         13       66.0       1       1   0.265597  0.734227
5   5.0         14      175.5       1       1   0.000000  1.000000
6  10.0         27       19.5       0       0   0.999338  0.000662
7  10.0         28       66.0       0       1   0.387342  0.612402
8  10.0         29      175.5       1       1   0.005062  0.986932
9  11.0         30       19.5       0       0   0.999338  0.000662
Checkpoint saved for dataset: heart
==================================================

Processing dataset: heartvalve (7/7)
Original dataset shape: (984, 23)
Evaluation times: [2.48356164 4.45342466 5.6130137 ]
Train patients: 179, Test patients: 77
Default values calculated from processed train data (179 patients)
Patient 2 has no data before prev_eval_time 2.48356164383525, using default row.
Patient 6 has no data before prev_eval_time 2.48356164383525, using default row.
Patient 32 has no data before prev_eval_time 2.48356164383525, using default row.
Patient 36 has no data before prev_eval_time 2.48356164383525, using default row.
Patient 37 has no data before prev_eval_time 2.48356164383525, using default row.
Patient 42 has no data before prev_eval_time 2.48356164383525, using default row.
Patient 44 has no data before prev_eval_time 2.48356164383525, using default row.
Patient 45 has no data before prev_eval_time 2.48356164383525, using default row.
Patient 49 has no data before prev_eval_time 2.48356164383525, using default row.
Patient 51 has no data before prev_eval_time 2.48356164383525, using default row.
Patient 55 has no data before prev_eval_time 2.48356164383525, using default row.
Patient 57 has no data before prev_eval_time 2.48356164383525, using default row.
Patient 59 has no data before prev_eval_time 2.48356164383525, using default row.
Patient 65 has no data before prev_eval_time 2.48356164383525, using default row.
Patient 71 has no data before prev_eval_time 2.48356164383525, using default row.
Patient 86 has no data before prev_eval_time 2.48356164383525, using default row.
Patient 103 has no data before prev_eval_time 2.48356164383525, using default row.
Patient 123 has no data before prev_eval_time 2.48356164383525, using default row.
Patient 124 has no data before prev_eval_time 2.48356164383525, using default row.
Patient 129 has no data before prev_eval_time 2.48356164383525, using default row.
Patient 132 has no data before prev_eval_time 2.48356164383525, using default row.
Patient 134 has no data before prev_eval_time 2.48356164383525, using default row.
Patient 150 has no data before prev_eval_time 2.48356164383525, using default row.
Patient 158 has no data before prev_eval_time 2.48356164383525, using default row.
Patient 167 has no data before prev_eval_time 2.48356164383525, using default row.
Patient 172 has no data before prev_eval_time 2.48356164383525, using default row.
Patient 176 has no data before prev_eval_time 2.48356164383525, using default row.
Patient 180 has no data before prev_eval_time 2.48356164383525, using default row.
Patient 195 has no data before prev_eval_time 2.48356164383525, using default row.
Patient 211 has no data before prev_eval_time 2.48356164383525, using default row.
Patient 213 has no data before prev_eval_time 2.48356164383525, using default row.
Patient 238 has no data before prev_eval_time 2.48356164383525, using default row.
Patient 10 has no data before prev_eval_time 2.48356164383525, using default row.
Patient 20 has no data before prev_eval_time 2.48356164383525, using default row.
Patient 25 has no data before prev_eval_time 2.48356164383525, using default row.
Patient 61 has no data before prev_eval_time 2.48356164383525, using default row.
Patient 97 has no data before prev_eval_time 2.48356164383525, using default row.
Patient 110 has no data before prev_eval_time 2.48356164383525, using default row.
Patient 115 has no data before prev_eval_time 2.48356164383525, using default row.
Patient 121 has no data before prev_eval_time 2.48356164383525, using default row.
Patient 128 has no data before prev_eval_time 2.48356164383525, using default row.
Patient 140 has no data before prev_eval_time 2.48356164383525, using default row.
Patient 165 has no data before prev_eval_time 2.48356164383525, using default row.
Patient 168 has no data before prev_eval_time 2.48356164383525, using default row.
Patient 173 has no data before prev_eval_time 2.48356164383525, using default row.
Patient 181 has no data before prev_eval_time 2.48356164383525, using default row.
Patient 182 has no data before prev_eval_time 2.48356164383525, using default row.
Patient 185 has no data before prev_eval_time 2.48356164383525, using default row.
Patient 186 has no data before prev_eval_time 2.48356164383525, using default row.
Patient 221 has no data before prev_eval_time 2.48356164383525, using default row.
Patient 231 has no data before prev_eval_time 2.48356164383525, using default row.
Patient 243 has no data before prev_eval_time 2.48356164383525, using default row.
Patient 246 has no data before prev_eval_time 2.48356164383525, using default row.
Patient 247 has no data before prev_eval_time 2.48356164383525, using default row.
Patient 2 has no data before prev_eval_time 4.4534246575345, using default row.
Patient 6 has no data before prev_eval_time 4.4534246575345, using default row.
Patient 32 has no data before prev_eval_time 4.4534246575345, using default row.
Patient 37 has no data before prev_eval_time 4.4534246575345, using default row.
Patient 45 has no data before prev_eval_time 4.4534246575345, using default row.
Patient 51 has no data before prev_eval_time 4.4534246575345, using default row.
Patient 57 has no data before prev_eval_time 4.4534246575345, using default row.
Patient 86 has no data before prev_eval_time 4.4534246575345, using default row.
Patient 103 has no data before prev_eval_time 4.4534246575345, using default row.
Patient 124 has no data before prev_eval_time 4.4534246575345, using default row.
Patient 129 has no data before prev_eval_time 4.4534246575345, using default row.
Patient 134 has no data before prev_eval_time 4.4534246575345, using default row.
Patient 158 has no data before prev_eval_time 4.4534246575345, using default row.
Patient 20 has no data before prev_eval_time 4.4534246575345, using default row.
Patient 25 has no data before prev_eval_time 4.4534246575345, using default row.
Patient 61 has no data before prev_eval_time 4.4534246575345, using default row.
Patient 97 has no data before prev_eval_time 4.4534246575345, using default row.
Patient 110 has no data before prev_eval_time 4.4534246575345, using default row.
Patient 128 has no data before prev_eval_time 4.4534246575345, using default row.
Patient 140 has no data before prev_eval_time 4.4534246575345, using default row.
Patient 165 has no data before prev_eval_time 4.4534246575345, using default row.
Patient 231 has no data before prev_eval_time 4.4534246575345, using default row.
Patient 246 has no data before prev_eval_time 4.4534246575345, using default row.
Evaluation dataset shape: (768, 24)
Rows per patient: 3.0
Risk predictions:
    pid  row_index  eval_time  y_true  y_pred  surv_prob      risk
0   7.0         18   2.483562       0       0   0.999866  0.000134
1   7.0         19   4.453425       0       0   0.983787  0.016081
2   7.0         20   5.613014       0       0   0.980193  0.003654
3  10.0         27   2.483562       0       0   0.999866  0.000134
4  10.0         28   4.453425       0       0   0.999723  0.000143
5  10.0         29   5.613014       0       0   0.771645  0.228141
6  11.0         30   2.483562       0       0   0.999866  0.000134
7  11.0         31   4.453425       0       0   0.988684  0.011183
8  11.0         32   5.613014       0       0   0.979438  0.009352
9  16.0         45   2.483562       0       0   0.999866  0.000134
Checkpoint saved for dataset: heartvalve
Total runtime: 0h 49m 19s
