==================================================

Processing dataset: aids
Dataset shape: (1405, 9)
Number of covariates: 5
Categorical columns: ['fac_AZT', 'fac_drug', 'fac_gender', 'fac_prevOI']
Numerical columns: ['num_CD4']
Final number of covariates: 5
Train: 326, Val: 70, Test: 71
Landmark evaluation times: [ 4.5925  8.6    11.6075]

Evaluating at landmark time 1: 4.59
Validation C-index: 0.7580 (n_patients=59, n_events=18)
Test C-index: 0.7748 (n_patients=68, n_events=20)

Evaluating at landmark time 2: 8.60
Validation C-index: 0.7333 (n_patients=56, n_events=20)
Test C-index: 0.6786 (n_patients=61, n_events=15)

Evaluating at landmark time 3: 11.61
Validation C-index: 0.7050 (n_patients=45, n_events=10)
Test C-index: 0.5500 (n_patients=55, n_events=10)

Best landmark time: 4.59
Best validation C-index: 0.7580
Corresponding test C-index: 0.7748
==================================================

Processing dataset: csl
Dataset shape: (2481, 10)
Number of covariates: 6
Categorical columns: []
Numerical columns: ['fac_sex', 'fac_treat', 'num_age', 'num_prot', 'num_prot_base', 'num_prot_prev']
Final number of covariates: 6
Train: 312, Val: 67, Test: 67
Landmark evaluation times: [0.75068493 2.35479452 4.96712329]

Evaluating at landmark time 1: 0.75
Validation C-index: 0.5000 (n_patients=51, n_events=28)
Test C-index: 0.5000 (n_patients=56, n_events=36)

Evaluating at landmark time 2: 2.35
Validation C-index: 0.5000 (n_patients=36, n_events=21)
Test C-index: 0.5000 (n_patients=41, n_events=23)

Evaluating at landmark time 3: 4.97
Validation C-index: 0.5000 (n_patients=24, n_events=10)
Test C-index: 0.5000 (n_patients=24, n_events=12)

Best landmark time: 0.75
Best validation C-index: 0.5000
Corresponding test C-index: 0.5000
==================================================

Processing dataset: epileptic
Dataset shape: (1286, 9)
Number of covariates: 5
Categorical columns: ['fac_gender', 'fac_learn_dis', 'fac_treat']
Numerical columns: ['num_age', 'num_dose']
Final number of covariates: 5
Train: 423, Val: 91, Test: 91
Landmark evaluation times: [166. 357. 663.]

Evaluating at landmark time 1: 166.00
Validation C-index: 0.9636 (n_patients=84, n_events=2)
C-index calculation error: All samples are censored
Test C-index: nan (n_patients=74, n_events=0)

Evaluating at landmark time 2: 357.00
Validation C-index: 0.7857 (n_patients=71, n_events=1)
C-index calculation error: All samples are censored
Test C-index: nan (n_patients=59, n_events=0)

Evaluating at landmark time 3: 663.00
C-index calculation error: All samples are censored
Validation C-index: nan (n_patients=51, n_events=0)
Test C-index: 0.0571 (n_patients=36, n_events=1)

Best landmark time: 166.00
Best validation C-index: 0.9636
Corresponding test C-index: nan
==================================================

Processing dataset: FRTCS
Dataset shape: (2091, 9)
Number of covariates: 5
Categorical columns: ['fac_antihyp', 'fac_sex']
Numerical columns: ['num_age', 'num_dbp', 'num_sbp']
Final number of covariates: 5
Train: 487, Val: 105, Test: 105
Error training model: can't convert np.ndarray of type numpy.object_. The only supported types are: float64, float32, float16, complex64, complex128, int64, int32, int16, int8, uint8, and bool.
Retrying with simpler configuration...
Retry also failed: Cannot cast array data from dtype('O') to dtype('float64') according to the rule 'safe'
==================================================

Processing dataset: heart
Dataset shape: (172, 8)
Number of covariates: 4
Categorical columns: []
Numerical columns: ['fac_surgery', 'fac_transplant', 'num_age', 'num_year']
Final number of covariates: 4
Train: 71, Val: 16, Test: 16
Landmark evaluation times: [ 19.5  66.  175.5]

Evaluating at landmark time 1: 19.50
C-index calculation error: All samples are censored
Validation C-index: nan (n_patients=12, n_events=0)
Test C-index: 0.2727 (n_patients=12, n_events=1)

Evaluating at landmark time 2: 66.00
Risk prediction error: can't convert np.ndarray of type numpy.object_. The only supported types are: float64, float32, float16, complex64, complex128, int64, int32, int16, int8, uint8, and bool.
Validation C-index: nan (n_patients=9, n_events=1)
Test C-index: 0.2500 (n_patients=9, n_events=1)

Evaluating at landmark time 3: 175.50
Risk prediction error: can't convert np.ndarray of type numpy.object_. The only supported types are: float64, float32, float16, complex64, complex128, int64, int32, int16, int8, uint8, and bool.
Validation C-index: nan (n_patients=6, n_events=0)
C-index calculation error: All samples are censored
Test C-index: nan (n_patients=5, n_events=0)

Best landmark time: 19.50
Best validation C-index: nan
Corresponding test C-index: 0.2727
==================================================

Processing dataset: heartvalve
Dataset shape: (984, 23)
Number of covariates: 19
Categorical columns: ['fac_hs']
Numerical columns: ['fac_acei', 'fac_con_cabg', 'fac_dm', 'fac_emergenc', 'fac_hc', 'fac_lv', 'fac_lvh', 'fac_prenyha', 'fac_redo', 'fac_sex', 'fac_sten_reg_mix', 'num_age', 'num_bsa', 'num_creat', 'num_ef', 'num_grad', 'num_lvmi', 'num_size']
Final number of covariates: 19
Train: 178, Val: 39, Test: 39
Landmark evaluation times: [2.48356164 4.45342466 5.6130137 ]

Evaluating at landmark time 1: 2.48
Validation C-index: 0.5000 (n_patients=33, n_events=7)
Test C-index: 0.5000 (n_patients=34, n_events=4)

Evaluating at landmark time 2: 4.45
Validation C-index: 0.5000 (n_patients=20, n_events=5)
Test C-index: 0.5000 (n_patients=24, n_events=3)

Evaluating at landmark time 3: 5.61
Validation C-index: 0.5000 (n_patients=11, n_events=1)
Test C-index: 0.5000 (n_patients=17, n_events=2)

Best landmark time: 2.48
Best validation C-index: 0.5000
Corresponding test C-index: 0.5000
==================================================

Processing dataset: oldmort
Dataset shape: (6495, 11)
Number of covariates: 7
Categorical columns: ['fac_birthplace', 'fac_civ', 'fac_region', 'fac_ses_50', 'fac_sex']
Numerical columns: ['num_birthdate', 'num_imr_birth']
Final number of covariates: 7
Train: 3221, Val: 691, Test: 691
Landmark evaluation times: [67.002  73.179  78.9135]

Evaluating at landmark time 1: 67.00
Validation C-index: 0.5000 (n_patients=416, n_events=121)
Test C-index: 0.5000 (n_patients=439, n_events=126)

Evaluating at landmark time 2: 73.18
Validation C-index: 0.5000 (n_patients=241, n_events=116)
Test C-index: 0.5000 (n_patients=270, n_events=136)

Evaluating at landmark time 3: 78.91
Validation C-index: 0.5000 (n_patients=113, n_events=69)
Test C-index: 0.5000 (n_patients=123, n_events=73)

Best landmark time: 67.00
Best validation C-index: 0.5000
Corresponding test C-index: 0.5000
==================================================

Processing dataset: Rossi
Dataset shape: (1405, 13)
Number of covariates: 9
Categorical columns: ['fac_fin', 'fac_mar', 'fac_paro', 'fac_race', 'fac_wexp']
Numerical columns: ['fac_educ', 'fac_emp', 'fac_prio', 'num_age']
Final number of covariates: 9
Train: 302, Val: 65, Test: 65
Landmark evaluation times: [17.  28.  41.5]

Evaluating at landmark time 1: 17.00
Validation C-index: 0.6034 (n_patients=60, n_events=3)
Test C-index: 0.6623 (n_patients=60, n_events=4)

Evaluating at landmark time 2: 28.00
Validation C-index: 0.5972 (n_patients=56, n_events=4)
Test C-index: 0.6103 (n_patients=56, n_events=4)

Evaluating at landmark time 3: 41.50
Validation C-index: 0.4120 (n_patients=51, n_events=6)
Test C-index: 0.2774 (n_patients=51, n_events=7)

Best landmark time: 17.00
Best validation C-index: 0.6034
Corresponding test C-index: 0.6623

Dynamic Deep Hit evaluation completed!
Total runtime: 0h 0m 14s
