==================================================

Processing dataset: FRTCS
Original dataset shape: (2091, 9)
Evaluation times: [1506.75 1627.   1740.25]
Evaluation dataset shape: (2091, 10)
Rows per patient: 3.0
Online prediction results:
   pid  row_index  eval_time  y_true  y_pred   p_event
0    3          6    1506.75       0       0  0.014025
1    3          7    1627.00       0       0  0.057635
2    3          8    1740.25       0       0  0.022432
3    7         18    1506.75       0       0  0.000654
4    7         19    1627.00       0       0  0.001550
Original test patients: 210
Test patients with eval data: 210
Example y_train_surv: [( True, 1823.) (False, 1826.) (False, 1826.) (False, 1724.)
 (False, 1826.)]
Example y_test_surv: [(False, 1826.) (False, 1826.) (False, 1826.) (False, 1826.)
 (False, 1826.)]
Example pid2risk items: [(3, 0.09169379275305156), (7, 0.003430197535892243), (8, 0.5933993115643428), (11, 0.0007744870274678517), (12, 0.0720604851496931)]
Example test risks: [0.09169379 0.0034302  0.59339931 0.00077449 0.07206049]
Number of test patients: 210
Number of patients with predictions: 210
IPCW C-index at time 1506.75: 0.9785
IPCW C-index at time 1627.00: 0.9760
IPCW C-index at time 1740.25: 0.9235
==================================================

Processing dataset: Rossi
Original dataset shape: (1405, 13)
Evaluation times: [17.  28.  41.5]
Evaluation dataset shape: (1006, 14)
Rows per patient: 2.3
Online prediction results:
   pid  row_index  eval_time  y_true  y_pred   p_event
0    1          0       28.0       1       0  0.196344
1    1          1       41.5       1       1  0.887182
2    4          8       17.0       0       0  0.019093
3    4          9       28.0       0       0  0.006876
4    4         10       41.5       0       0  0.011485
Original test patients: 130
Test patients with eval data: 111
Example y_train_surv: [( True,  8.) (False, 52.) (False, 52.) (False, 52.) (False, 52.)]
Example y_test_surv: [( True, 20.) (False, 52.) (False, 52.) (False, 52.) (False, 52.)]
Example pid2risk items: [(1, 0.909332935556975), (4, 0.03702633765214658), (6, 0.09757526499295999), (8, 0.9476196587934282), (10, 0.05371237860231026)]
Example test risks: [0.90933294 0.03702634 0.09757526 0.94761966 0.05371238]
Number of test patients: 111
Number of patients with predictions: 111
IPCW C-index at time 17.00: 0.9307
IPCW C-index at time 28.00: 0.9318
IPCW C-index at time 41.50: 0.8588
==================================================

Processing dataset: aids
Original dataset shape: (1405, 9)
Evaluation times: [ 4.5925  8.6    11.6075]
Evaluation dataset shape: (1308, 10)
Rows per patient: 2.8
Online prediction results:
   pid  row_index  eval_time  y_true  y_pred   p_event
0    1          0     8.6000       0       0  0.084835
1    1          1    11.6075       0       0  0.131160
2    4          7     4.5925       0       0  0.131200
3    4          8     8.6000       0       0  0.163318
4    4          9    11.6075       0       0  0.325851
Original test patients: 141
Test patients with eval data: 137
Example y_train_surv: [(False, 18.13) ( True,  9.57) ( True,  1.43) ( True,  4.67)
 ( True,  9.73)]
Example y_test_surv: [(False, 16.97) (False, 12.7 ) ( True,  1.9 ) (False, 16.43)
 (False, 18.1 )]
Example pid2risk items: [(1, 0.2048677199967155), (4, 0.5099549034783011), (6, 0.8293853304739615), (10, 0.12024221429115278), (12, 0.11336376678503757)]
Example test risks: [0.20486772 0.5099549  0.82938533 0.12024221 0.11336377]
Number of test patients: 137
Number of patients with predictions: 137
IPCW C-index at time 4.59: 0.8021
IPCW C-index at time 8.60: 0.7940
IPCW C-index at time 11.61: 0.7820
==================================================

Processing dataset: csl
Original dataset shape: (2481, 10)
Evaluation times: [0.75068493 2.35479452 4.96712329]
Evaluation dataset shape: (1331, 11)
Rows per patient: 3.0
Online prediction results:
   pid  row_index  eval_time  y_true  y_pred   p_event
0  1.0          0   0.750685       1       0  0.145123
1  1.0          1   2.354795       1       1  0.870375
2  1.0          2   4.967123       1       1  0.964128
3  4.0          9   0.750685       0       0  0.428333
4  4.0         10   2.354795       1       1  0.783429
Original test patients: 134
Test patients with eval data: 133
Example y_train_surv: [(False, 5.35068493) ( True, 2.83561644) (False, 6.00273973)
 (False, 0.54246575) ( True, 9.89315068)]
Example y_test_surv: [( True, 0.41369863) ( True, 0.79452055) ( True, 0.76986301)
 (False, 7.5890411 ) (False, 0.26027397)]
Example pid2risk items: [(1.0, 0.9960249228452774), (4.0, 0.9993109605476798), (6.0, 0.9949629796948763), (8.0, 0.02268299672853802), (11.0, 0.021147758552138685)]
Example test risks: [0.99602492 0.99931096 0.99496298 0.022683   0.02114776]
Number of test patients: 133
Number of patients with predictions: 133
IPCW C-index at time 0.75: 0.9243
IPCW C-index at time 2.35: 0.9258
IPCW C-index at time 4.97: 0.8766
==================================================

Processing dataset: epileptic
Original dataset shape: (1286, 9)
Evaluation times: [166. 357. 663.]
Evaluation dataset shape: (1301, 10)
Rows per patient: 2.2
Online prediction results:
   pid  row_index  eval_time  y_true  y_pred   p_event
0    1          0      166.0       0       0  0.056226
1    1          1      357.0       0       0  0.098733
2    1          2      663.0       0       0  0.272917
3    7         15      166.0       1       1  0.957136
4    7         16      357.0       1       1  0.998814
Original test patients: 182
Test patients with eval data: 150
Example y_train_surv: [( True, 1568.) ( True,   63.) (False, 1596.) ( True,  350.)
 (False, 1561.)]
Example y_test_surv: [(False, 2400.) ( True,   91.) (False,  364.) ( True,  803.)
 ( True, 1675.)]
Example pid2risk items: [(1, 0.38154831905921305), (7, 0.9999999773438148), (10, 0.14989019930362701), (11, 0.3629510946628983), (12, 0.533193492919203)]
Example test risks: [0.38154832 0.99999998 0.1498902  0.36295109 0.53319349]
Number of test patients: 150
Number of patients with predictions: 150
IPCW C-index at time 166.00: 0.9352
IPCW C-index at time 357.00: 0.9156
IPCW C-index at time 663.00: 0.8238
==================================================

Processing dataset: heart
Original dataset shape: (172, 8)
Evaluation times: [ 19.5  66.  175.5]
Evaluation dataset shape: (224, 9)
Rows per patient: 2.2
Online prediction results:
   pid  row_index  eval_time  y_true  y_pred   p_event
0  1.0          0       66.0       1       1  0.854383
1  1.0          1      175.5       1       1  0.964346
2  5.0         10       19.5       1       1  0.824908
3  5.0         11       66.0       1       1  0.940764
4  5.0         12      175.5       1       1  0.962494
Original test patients: 31
Test patients with eval data: 29
Example y_train_surv: [( True,   8.) (False,  11.) (False, 942.) ( True,  35.) ( True,  78.)]
Example y_test_surv: [( True,  50.) ( True,  18.) ( True,  58.) ( True, 153.) ( True,  81.)]
Example pid2risk items: [(1.0, 0.994808223990681), (5.0, 0.9996109948607281), (10.0, 0.9999971963780225), (11.0, 0.9966814951917513), (13.0, 0.999036119199513)]
Example test risks: [0.99480822 0.99961099 0.9999972  0.9966815  0.99903612]
Number of test patients: 29
Number of patients with predictions: 29
IPCW C-index at time 19.50: 0.6937
IPCW C-index at time 66.00: 0.7074
IPCW C-index at time 175.50: 0.7405
==================================================

Processing dataset: heartvalve
Original dataset shape: (984, 23)
Evaluation times: [2.48356164 4.45342466 5.6130137 ]
Evaluation dataset shape: (676, 24)
Rows per patient: 2.6
Online prediction results:
   pid  row_index  eval_time  y_true  y_pred   p_event
0    7         12   2.483562       0       0  0.032681
1    7         13   4.453425       0       0  0.002078
2    7         14   5.613014       0       0  0.000861
3   10         21   4.453425       0       0  0.183221
4   10         22   5.613014       0       0  0.007904
Original test patients: 77
Test patients with eval data: 72
Example y_train_surv: [(False, 8.936986  ) ( True, 7.54246575) (False, 4.04383562)
 (False, 4.74246575) (False, 7.21369863)]
Example y_test_surv: [(False, 7.98082192) (False, 8.47123288) (False, 9.53424658)
 (False, 3.191781  ) (False, 9.8739726 )]
Example pid2risk items: [(7, 0.03552252124927746), (10, 0.18967626549250793), (11, 0.07906463387693197), (16, 0.22370220060707724), (17, 0.004792933865908955)]
Example test risks: [0.03552252 0.18967627 0.07906463 0.2237022  0.00479293]
Number of test patients: 72
Number of patients with predictions: 72
IPCW C-index at time 2.48: 0.9850
IPCW C-index at time 4.45: 0.9836
IPCW C-index at time 5.61: 0.9673
==================================================

Processing dataset: oldmort
Original dataset shape: (6495, 11)
Evaluation times: [67.002  73.179  78.9135]
Evaluation dataset shape: (10264, 12)
Rows per patient: 2.2
Online prediction results:
         pid  row_index  eval_time  y_true  y_pred   p_event
0  781000914          1    78.9135       1       1  0.834086
1  782000934          3    78.9135       1       1  0.830143
2  782001030          4    78.9135       1       1  0.653515
3  782001036          5    78.9135       1       1  0.612212
4  783000730         10    78.9135       1       1  0.571589
Original test patients: 1381
Test patients with eval data: 1255
Example y_train_surv: [( True, 71.585) (False, 64.305) (False, 73.586) ( True, 75.273)
 (False, 76.902)]
Example y_test_surv: [( True, 78.23 ) ( True, 78.556) ( True, 78.438) ( True, 78.644)
 ( True, 78.159)]
Example pid2risk items: [(781000914, 0.8340862393379211), (782000934, 0.8301434516906738), (782001030, 0.6535148024559021), (782001036, 0.612212061882019), (783000730, 0.5715887546539307)]
Example test risks: [0.83408624 0.83014345 0.6535148  0.61221206 0.57158875]
Number of test patients: 1255
Number of patients with predictions: 1255
IPCW C-index at time 67.00: 0.7820
IPCW C-index at time 73.18: 0.7608
IPCW C-index at time 78.91: 0.7062
Total runtime: 5h 20m 34s
