==================================================

Processing dataset: FRTCS
Dataset shape: (2091, 9)
Landmark times: [1506.75 1627.   1740.25]

Processing landmark time 1: 1506.75
Example patient data after landmarking with tau:
   pid  time  event fac_antihyp fac_sex  num_age  num_dbp  num_sbp
0    1  10.0      0           N       F       65     63.0     94.0
1    2  10.0      0           Y       F       79     85.0    134.0
2    3  10.0      0           Y       F       75     86.5    145.5
3    4  10.0      0           Y       F       78     81.0    156.0
4    5  10.0      0           N       F       69     73.0    145.0
Events: 2, Censored: 677
Skipping landmark 1506.75: insufficient train data

Processing landmark time 2: 1627.00
Example patient data after landmarking with tau:
   pid  time  event fac_antihyp fac_sex  num_age  num_dbp  num_sbp
0    1  10.0      0           N       F       65     59.5    109.0
1    2  10.0      0           Y       F       79     68.5    115.5
2    3  10.0      0           Y       F       75     96.5    158.5
3    4  10.0      0           Y       F       78     69.0    159.5
4    5  10.0      0           N       F       69     82.5    156.0
Events: 4, Censored: 653
Skipping landmark 1627.00: insufficient train data

Processing landmark time 3: 1740.25
Example patient data after landmarking with tau:
   pid  time  event fac_antihyp fac_sex  num_age  num_dbp  num_sbp
0    1  10.0      0           N       F       65     59.5    109.0
1    2  10.0      0           Y       F       79     68.5    115.5
2    3  10.0      0           Y       F       75     96.5    158.5
3    4  10.0      0           Y       F       78     69.0    159.5
4    5  10.0      0           N       F       69     82.5    156.0
Events: 3, Censored: 591
Skipping landmark 1740.25: insufficient train data
No valid results for dataset FRTCS
==================================================

Processing dataset: Rossi
Dataset shape: (1405, 13)
Landmark times: [17.  28.  41.5]

Processing landmark time 1: 17.00
Example patient data after landmarking with tau:
   pid  time  event  fac_educ  ...  fac_prio fac_race fac_wexp num_age
0    3   8.0      1         3  ...        13    other      yes      19
1    4  10.0      0         5  ...         1    black      yes      23
2    5  10.0      0         3  ...         3    other      yes      19
3    6  10.0      0         4  ...         2    black      yes      24
4    9  10.0      0         3  ...         6    black       no      22

[5 rows x 12 columns]
Events: 12, Censored: 249
Validation C-index: 0.9888
Test C-index: 1.0000

Processing landmark time 2: 28.00
Example patient data after landmarking with tau:
   pid  time  event  fac_educ  ...  fac_prio fac_race fac_wexp num_age
0    4  10.0      0         5  ...         1    black      yes      23
1    5  10.0      0         3  ...         3    other      yes      19
2    6  10.0      0         4  ...         2    black      yes      24
3    8  10.0      0         3  ...         4    black      yes      21
4    9  10.0      0         3  ...         6    black       no      22

[5 rows x 12 columns]
Events: 13, Censored: 274
Validation C-index: 1.0000
Test C-index: 0.9917

Processing landmark time 3: 41.50
Example patient data after landmarking with tau:
   pid  time  event  fac_educ  ...  fac_prio fac_race fac_wexp num_age
0    4  10.0      0         5  ...         1    black      yes      23
1    5  10.0      0         3  ...         3    other      yes      19
2    6  10.0      0         4  ...         2    black      yes      24
3    8  10.0      0         3  ...         4    black      yes      21
4    9  10.0      0         3  ...         6    black       no      22

[5 rows x 12 columns]
Events: 21, Censored: 264
Validation C-index: 0.9850
Test C-index: 0.9810

Best landmark time: 28.00
Best validation C-index: 1.0000
Corresponding test C-index: 0.9917
==================================================

Processing dataset: aids
Dataset shape: (1405, 9)
Landmark times: [ 4.5925  8.6    11.6075]

Processing landmark time 1: 4.59
Example patient data after landmarking with tau:
   pid     time  event      fac_AZT fac_drug fac_gender fac_prevOI   num_CD4
0    3  10.0000      0  intolerance      ddI     female       AIDS  3.464102
1    4   8.1075      0      failure      ddC       male       AIDS  3.872983
2    5  10.0000      0      failure      ddI       male       AIDS  7.280110
3    7   9.7375      0  intolerance      ddC       male       AIDS  6.782330
4    8   4.9775      1  intolerance      ddI     female     noAIDS  3.464102
Events: 97, Censored: 260
Validation C-index: 0.9750
Test C-index: 0.9448

Processing landmark time 2: 8.60
Example patient data after landmarking with tau:
   pid   time  event      fac_AZT fac_drug fac_gender fac_prevOI    num_CD4
0    1   8.37      0  intolerance      ddC       male       AIDS  10.677078
1    2  10.00      0  intolerance      ddI       male     noAIDS   6.324555
2    3   9.93      1  intolerance      ddI     female       AIDS   3.605551
3    4   4.10      0      failure      ddC       male       AIDS   4.582576
4    5   6.53      0      failure      ddI       male       AIDS   8.602325
Events: 87, Censored: 266
Validation C-index: 0.9441
Test C-index: 0.8671

Processing landmark time 3: 11.61
Example patient data after landmarking with tau:
   pid    time  event      fac_AZT fac_drug fac_gender fac_prevOI    num_CD4
0    1  5.3625      0  intolerance      ddC       male       AIDS  10.677078
1    2  7.3925      0  intolerance      ddI       male     noAIDS   6.324555
2    3  6.9225      1  intolerance      ddI     female       AIDS   3.605551
3    4  1.0925      0      failure      ddC       male       AIDS   4.582576
4    5  3.5225      0      failure      ddI       male       AIDS   8.602325
Events: 44, Censored: 264
Validation C-index: 0.7644
Test C-index: 0.7323

Best landmark time: 4.59
Best validation C-index: 0.9750
Corresponding test C-index: 0.9448
==================================================

Processing dataset: csl
Dataset shape: (2481, 10)
Landmark times: [0.75068493 2.35479452 4.96712329]

Processing landmark time 1: 0.75
Example patient data after landmarking with tau:
   pid       time  event  ...  num_prot  num_prot_base  num_prot_prev
0    2   6.008219      1  ...      73.0           51.0           51.0
1    3  10.000000      0  ...      58.0           69.0           69.0
2    4   0.043836      1  ...      33.0           40.0           36.0
3    6   0.019178      1  ...      23.0           40.0           34.0
4    8   6.838356      0  ...     108.0           68.0           68.0

[5 rows x 9 columns]
Events: 199, Censored: 152
Validation C-index: 0.7942
Test C-index: 0.7579

Processing landmark time 2: 2.35
Example patient data after landmarking with tau:
   pid       time  event  ...  num_prot  num_prot_base  num_prot_prev
0    2   4.404110      1  ...      90.0           51.0           58.0
1    3  10.000000      0  ...      90.0           69.0           73.0
2    8   5.234247      0  ...      79.0           68.0          120.0
3    9   2.850685      0  ...     100.0           99.0          100.0
4   12   0.541096      1  ...     100.0           66.0           93.0

[5 rows x 9 columns]
Events: 135, Censored: 122
Validation C-index: 0.8111
Test C-index: 0.8314

Processing landmark time 3: 4.97
Example patient data after landmarking with tau:
   pid      time  event  ...  num_prot  num_prot_base  num_prot_prev
0    2  1.791781      1  ...      45.0           51.0           72.0
1    3  8.435616      0  ...      72.0           69.0           70.0
2    8  2.621918      0  ...      95.0           68.0          100.0
3    9  0.238356      0  ...      71.0           99.0          100.0
4   17  3.235616      1  ...      54.0           55.0           54.0

[5 rows x 9 columns]
Events: 68, Censored: 98
Validation C-index: 0.8566
Test C-index: 0.8503

Best landmark time: 4.97
Best validation C-index: 0.8566
Corresponding test C-index: 0.8503
==================================================

Processing dataset: epileptic
Dataset shape: (1286, 9)
Landmark times: [166. 357. 663.]

Processing landmark time 1: 166.00
Example patient data after landmarking with tau:
   pid  time  event fac_gender fac_learn_dis fac_treat  num_age  num_dose
0    1    10      0          M            No       CBZ    75.67       2.0
1    2    10      0          M            No       LTG    32.96       2.0
2    4    10      0          M            No       CBZ    44.59       2.0
3    5    10      0          F            No       LTG    40.61       2.0
4    6    10      0          M           Yes       LTG    28.06       1.5
Events: 0, Censored: 285
Skipping landmark 166.00: insufficient train data

Processing landmark time 2: 357.00
Example patient data after landmarking with tau:
   pid  time  event fac_gender fac_learn_dis fac_treat  num_age  num_dose
0    1  10.0      0          M            No       CBZ    75.67       2.0
1    2  10.0      0          M            No       LTG    32.96       2.0
2    4  10.0      0          M            No       CBZ    44.59       2.0
3    5  10.0      0          F            No       LTG    40.61       3.0
4    6  10.0      0          M           Yes       LTG    28.06       2.0
Events: 2, Censored: 275
Skipping landmark 357.00: insufficient train data

Processing landmark time 3: 663.00
Example patient data after landmarking with tau:
   pid  time  event fac_gender fac_learn_dis fac_treat  num_age  num_dose
0    1  10.0      0          M            No       CBZ    75.67      2.67
1    2  10.0      0          M            No       LTG    32.96      2.00
2    4  10.0      0          M            No       CBZ    44.59      2.67
3    5  10.0      0          F            No       LTG    40.61      3.00
4    6  10.0      0          M           Yes       LTG    28.06      3.00
Events: 1, Censored: 198
Skipping landmark 663.00: insufficient train data
No valid results for dataset epileptic
==================================================

Processing dataset: heart
Dataset shape: (172, 8)
Landmark times: [ 19.5  66.  175.5]

Processing landmark time 1: 19.50
Example patient data after landmarking with tau:
   pid  time  event  fac_surgery  fac_transplant   num_age  num_year
0   10  10.0      0          0.0             0.0 -5.497604  0.862423
1   13  10.0      0          0.0             0.0  6.573580  0.969199
2   20   8.5      1          0.0             0.0  7.279945  1.330595
3   21  10.0      0          0.0             0.0 -4.657084  1.338809
4   22  10.0      0          0.0             0.0 -5.215606  1.462012
Events: 1, Censored: 22
Skipping landmark 19.50: insufficient train data

Processing landmark time 2: 66.00
Example patient data after landmarking with tau:
   pid  time  event  fac_surgery  fac_transplant   num_age  num_year
0    7  10.0      0          0.0             0.0  2.869268  0.780287
1   11  10.0      0          0.0             0.0 -0.019165  0.873374
2   13  10.0      0          0.0             0.0  6.573580  0.969199
3   14  10.0      0          0.0             0.0  6.012320  0.971937
4   16  10.0      0          0.0             0.0  1.448323  1.070500
Events: 3, Censored: 40
Skipping landmark 66.00: insufficient train data

Processing landmark time 3: 175.50
Example patient data after landmarking with tau:
   pid  time  event  fac_surgery  fac_transplant    num_age  num_year
0    7  10.0      0          0.0             0.0   2.869268  0.780287
1   14  10.0      0          0.0             0.0   6.012320  0.971937
2   16  10.0      0          0.0             0.0   1.448323  1.070500
3   21  10.0      0          0.0             0.0  -4.657084  1.338809
4   23  10.0      0          0.0             0.0  10.357290  1.527721
Events: 0, Censored: 36
Skipping landmark 175.50: insufficient train data
No valid results for dataset heart
==================================================

Processing dataset: heartvalve
Dataset shape: (984, 23)
Landmark times: [2.48356164 4.45342466 5.6130137 ]

Processing landmark time 1: 2.48
Example patient data after landmarking with tau:
   pid      time  event  fac_acei  ...  num_ef  num_grad  num_lvmi  num_size
0    1  2.472603      0         1  ...      93      10.0    118.98        27
1    3  5.431507      0         1  ...      74      10.0    168.38        25
2    4  1.554794      0         0  ...      69       3.0     99.02        22
3    5  6.332877      0         1  ...      64       5.0    169.88        25
4    7  5.497260      0         0  ...      72       NaN    133.49        29

[5 rows x 22 columns]
Events: 32, Censored: 133
Validation C-index: 0.8013
Test C-index: 1.0000

Processing landmark time 2: 4.45
Example patient data after landmarking with tau:
   pid      time  event  fac_acei  ...  num_ef  num_grad  num_lvmi  num_size
0    1  0.502740      0         1  ...      93      10.0    118.98        27
1    3  3.461644      0         1  ...      49      10.0    148.23        25
2    5  4.363014      0         1  ...      64       5.0    169.88        25
3    7  3.527397      0         0  ...      76       NaN    131.43        29
4    8  0.442466      0         0  ...      64       6.0    108.51        24

[5 rows x 22 columns]
Events: 23, Censored: 107
Validation C-index: 0.6875
Test C-index: 1.0000

Processing landmark time 3: 5.61
Example patient data after landmarking with tau:
   pid      time  event  fac_acei  ...  num_ef  num_grad  num_lvmi  num_size
0    3  2.302055      0         1  ...      49      10.0    148.23        25
1    5  3.203425      0         1  ...      51      16.0    192.14        25
2    7  2.367808      0         0  ...      76       NaN    131.43        29
3    9  3.589726      0         0  ...      78       NaN    151.39        24
4   10  2.858219      0         1  ...      83       9.0    170.23        23

[5 rows x 22 columns]
Events: 11, Censored: 82
Validation C-index: 0.8750
Test C-index: 1.0000

Best landmark time: 5.61
Best validation C-index: 0.8750
Corresponding test C-index: 1.0000
==================================================

Processing dataset: oldmort
Dataset shape: (6495, 11)
Landmark times: [67.002  73.179  78.9135]

Processing landmark time 1: 67.00
Example patient data after landmarking with tau:
         pid    time  event  ... fac_sex num_birthdate num_imr_birth
0  791001055  10.000      0  ...  female   1797.717955     17.718447
1  793001176   6.144      1  ...    male   1793.819175     17.757009
2  793001326  10.000      0  ...  female   1793.810961     12.418301
3  794000631  10.000      0  ...  female   1794.594003     12.709030
4  794001182   0.476      1  ...    male   1794.621382     18.148820

[5 rows x 10 columns]
Events: 192, Censored: 473
Validation C-index: 0.8377
Test C-index: 0.8967

Processing landmark time 2: 73.18
Example patient data after landmarking with tau:
         pid    time  event  ... fac_sex num_birthdate num_imr_birth
0  787000495   9.815      1  ...    male   1787.886130     12.709030
1  788000841  10.000      0  ...  female   1788.743095     13.085938
2  788000864  10.000      0  ...  female   1788.491208     17.757009
3  788000920   4.348      1  ...    male   1788.710240     14.233577
4  788000926   0.419      1  ...    male   1788.890942     14.233577

[5 rows x 10 columns]
Events: 268, Censored: 353
Validation C-index: 0.8865
Test C-index: 0.8891

Processing landmark time 3: 78.91
Example patient data after landmarking with tau:
         pid     time  event  ... fac_sex num_birthdate num_imr_birth
0  783000729  10.0000      0  ...  female   1783.836766     12.418301
1  783000835   1.3205      1  ...  female   1783.754629     13.085938
2  784000873   6.2735      1  ...    male   1784.001040     17.718447
3  784000874   2.3945      1  ...    male   1784.042109     13.085938
4  784000904   2.0735      1  ...    male   1784.250190     18.148820

[5 rows x 10 columns]
Events: 169, Censored: 142
Validation C-index: 0.8359
Test C-index: 0.7994

Best landmark time: 73.18
Best validation C-index: 0.8865
Corresponding test C-index: 0.8891
Total runtime: 0h 0m 46s
