==================================================

Processing dataset: GBSG2
Dataset shape: (686, 10)
Percentage of censored data: 56.41399416909621%
Evaluation time points: [ 336.4  498.8  635.   800.6 1043.  1277.6 1516.8 1754.8 2013.4]
Training TabPFN with fixed evaluation times...
Using evaluation times as cuts: [ 336.4  498.8  635.   800.6 1043.  1277.6 1516.8 1754.8 2013.4]

Training set class distribution:
Class A: 2135 (44.5%)
Class B: 2184 (45.5%)
Class C: 271 (5.6%)
Class D: 210 (4.4%)
Total samples: 4800
Training Mitra classifier...
Using evaluation times as cuts: [ 336.4  498.8  635.   800.6 1043.  1277.6 1516.8 1754.8 2013.4]

Training set class distribution:
Class A: 2623 (45.0%)
Class B: 2623 (45.0%)
Class C: 329 (5.6%)
Class D: 255 (4.4%)
Total samples: 5830
Training Mitra classifier on classification dataset...
==================================================
Final test results for dataset GBSG2:
Number of eval time points: 9
Validation C-index (Score): 0.6824
Test C-index: 0.7125
Test interval Brier Score (IBS): 0.1875
Test mean AUC: 0.7759
==================================================

Processing dataset: Melanoma
Dataset shape: (205, 7)
Percentage of censored data: 72.1951219512195%
Evaluation time points: [ 682.3 1213.6 1624.8 1788.2 1956.5 2107.2 2495.8 3188.8 3623.8]
Training TabPFN with fixed evaluation times...
Using evaluation times as cuts: [ 682.3 1213.6 1624.8 1788.2 1956.5 2107.2 2495.8 3188.8 3623.8]

Training set class distribution:
Class A: 655 (45.8%)
Class B: 632 (44.2%)
Class C: 104 (7.3%)
Class D: 39 (2.7%)
Total samples: 1430
Training Mitra classifier...
Using evaluation times as cuts: [ 682.3 1213.6 1624.8 1788.2 1956.5 2107.2 2495.8 3188.8 3623.8]

Training set class distribution:
Class A: 783 (45.0%)
Class B: 783 (45.0%)
Class C: 126 (7.2%)
Class D: 48 (2.8%)
Total samples: 1740
Training Mitra classifier on classification dataset...
==================================================
Final test results for dataset Melanoma:
Number of eval time points: 9
Validation C-index (Score): 0.7525
Test C-index: 0.5544
Test interval Brier Score (IBS): 0.2201
Test mean AUC: 0.6044
==================================================

Processing dataset: Unemployment
Dataset shape: (452, 7)
Percentage of censored data: 43.36283185840708%
Evaluation time points: [ 3.   4.   7.  10.  13.  19.1 29.  52. ]
Training TabPFN with fixed evaluation times...
Using evaluation times as cuts: [ 3.   4.   7.  10.  13.  19.1 29.  52. ]

Training set class distribution:
Class A: 1348 (47.4%)
Class B: 1095 (38.5%)
Class C: 172 (6.0%)
Class D: 229 (8.1%)
Total samples: 2844
Training Mitra classifier...
Using evaluation times as cuts: [ 3.   4.   7.  10.  13.  19.1 29.  52. ]

Training set class distribution:
Class A: 1633 (47.3%)
Class B: 1341 (38.8%)
Class C: 207 (6.0%)
Class D: 275 (8.0%)
Total samples: 3456
Training Mitra classifier on classification dataset...
==================================================
Final test results for dataset Unemployment:
Number of eval time points: 8
Validation C-index (Score): 0.5601
Test C-index: 0.5925
Test interval Brier Score (IBS): 0.2407
Test mean AUC: 0.6241
==================================================

Processing dataset: breast
Dataset shape: (100, 6)
Percentage of censored data: 74.0%
Evaluation time points: [32.6578946 48.1776314 61.6578946]
Training TabPFN with fixed evaluation times...
Using evaluation times as cuts: [32.6578946 48.1776314 61.6578946]

Training set class distribution:
Class A: 65 (23.6%)
Class B: 142 (51.4%)
Class C: 51 (18.5%)
Class D: 18 (6.5%)
Total samples: 276
Training Mitra classifier...
Using evaluation times as cuts: [32.6578946 48.1776314 61.6578946]

Training set class distribution:
Class A: 77 (22.6%)
Class B: 178 (52.4%)
Class C: 63 (18.5%)
Class D: 22 (6.5%)
Total samples: 340
Training Mitra classifier on classification dataset...
==================================================
Final test results for dataset breast:
Number of eval time points: 3
Validation C-index (Score): 0.6400
Test C-index: 0.7632
Test interval Brier Score (IBS): 0.3227
Test mean AUC: 0.7885
==================================================

Processing dataset: burn
Dataset shape: (154, 13)
Percentage of censored data: 68.83116883116884%
Evaluation time points: [ 5.   8.  11.  14.  17.  21.  27.3 32.2 43.3]
Training TabPFN with fixed evaluation times...
Using evaluation times as cuts: [ 5.   8.  11.  14.  17.  21.  27.3 32.2 43.3]

Training set class distribution:
Class A: 470 (43.9%)
Class B: 469 (43.8%)
Class C: 85 (7.9%)
Class D: 46 (4.3%)
Total samples: 1070
Training Mitra classifier...
Using evaluation times as cuts: [ 5.   8.  11.  14.  17.  21.  27.3 32.2 43.3]

Training set class distribution:
Class A: 571 (43.9%)
Class B: 568 (43.7%)
Class C: 106 (8.2%)
Class D: 55 (4.2%)
Total samples: 1300
Training Mitra classifier on classification dataset...
==================================================
Final test results for dataset burn:
Number of eval time points: 9
Validation C-index (Score): 0.5000
Test C-index: 0.6364
Test interval Brier Score (IBS): 0.1784
Test mean AUC: 0.6187
==================================================

Processing dataset: cancer
Dataset shape: (228, 10)
Percentage of censored data: 27.631578947368425%
Evaluation time points: [ 79.4 136.  181.  210.8 259.  292.2 353.  443.2 587. ]
Training TabPFN with fixed evaluation times...
Using evaluation times as cuts: [ 79.4 136.  181.  210.8 259.  292.2 353.  443.2 587. ]

Training set class distribution:
Class A: 721 (45.6%)
Class B: 697 (44.1%)
Class C: 44 (2.8%)
Class D: 118 (7.5%)
Total samples: 1580
Training Mitra classifier...
Using evaluation times as cuts: [ 79.4 136.  181.  210.8 259.  292.2 353.  443.2 587. ]

Training set class distribution:
Class A: 866 (44.9%)
Class B: 866 (44.9%)
Class C: 54 (2.8%)
Class D: 144 (7.5%)
Total samples: 1930
Training Mitra classifier on classification dataset...
==================================================
Final test results for dataset cancer:
Number of eval time points: 9
Validation C-index (Score): 0.5665
Test C-index: 0.5785
Test interval Brier Score (IBS): 0.2145
Test mean AUC: 0.5906
==================================================

Processing dataset: cgd
Dataset shape: (128, 12)
Percentage of censored data: 65.625%
Evaluation time points: [ 83.8 165.8 207.  253.6 269.  276.  293.9 317.2 337.6]
Training TabPFN with fixed evaluation times...
Using evaluation times as cuts: [ 83.8 165.8 207.  253.6 269.  276.  293.9 317.2 337.6]

Training set class distribution:
Class A: 384 (43.6%)
Class B: 401 (45.6%)
Class C: 64 (7.3%)
Class D: 31 (3.5%)
Total samples: 880
Training Mitra classifier...
Using evaluation times as cuts: [ 83.8 165.8 207.  253.6 269.  276.  293.9 317.2 337.6]

Training set class distribution:
Class A: 482 (44.6%)
Class B: 482 (44.6%)
Class C: 78 (7.2%)
Class D: 38 (3.5%)
Total samples: 1080
Training Mitra classifier on classification dataset...
==================================================
Final test results for dataset cgd:
Number of eval time points: 9
Validation C-index (Score): 0.6364
Test C-index: 0.4048
Test interval Brier Score (IBS): 0.1623
Test mean AUC: 0.5149
==================================================

Processing dataset: colon
Dataset shape: (929, 11)
Percentage of censored data: 51.34553283100107%
Evaluation time points: [ 389.8  642.6  961.  1426.  1971.  2164.  2277.6 2481.4 2695.8]
Training TabPFN with fixed evaluation times...
Using evaluation times as cuts: [ 389.8  642.6  961.  1426.  1971.  2164.  2277.6 2481.4 2695.8]

Training set class distribution:
Class A: 2887 (44.5%)
Class B: 2948 (45.4%)
Class C: 336 (5.2%)
Class D: 319 (4.9%)
Total samples: 6490
Training Mitra classifier...
Using evaluation times as cuts: [ 389.8  642.6  961.  1426.  1971.  2164.  2277.6 2481.4 2695.8]

Training set class distribution:
Class A: 3548 (45.0%)
Class B: 3546 (44.9%)
Class C: 408 (5.2%)
Class D: 388 (4.9%)
Total samples: 7890
Training Mitra classifier on classification dataset...
==================================================
Final test results for dataset colon:
Number of eval time points: 9
Validation C-index (Score): 0.6620
Test C-index: 0.6202
Test interval Brier Score (IBS): 0.2011
Test mean AUC: 0.6114
==================================================

Processing dataset: cost
Dataset shape: (518, 15)
Percentage of censored data: 22.00772200772201%
Evaluation time points: [  90.   376.8  833.4 1357.8 1821.5 2198.  2810.6 3725.  3938.6]
Training TabPFN with fixed evaluation times...
Using evaluation times as cuts: [  90.   376.8  833.4 1357.8 1821.5 2198.  2810.6 3725.  3938.6]

Training set class distribution:
Class A: 1615 (44.6%)
Class B: 1640 (45.3%)
Class C: 82 (2.3%)
Class D: 283 (7.8%)
Total samples: 3620
Training Mitra classifier...
Using evaluation times as cuts: [  90.   376.8  833.4 1357.8 1821.5 2198.  2810.6 3725.  3938.6]

Training set class distribution:
Class A: 1978 (45.0%)
Class B: 1978 (45.0%)
Class C: 99 (2.2%)
Class D: 345 (7.8%)
Total samples: 4400
Training Mitra classifier on classification dataset...
==================================================
Final test results for dataset cost:
Number of eval time points: 9
Validation C-index (Score): 0.6989
Test C-index: 0.6829
Test interval Brier Score (IBS): 0.1719
Test mean AUC: 0.7664
==================================================

Processing dataset: d.oropha.rec
Dataset shape: (192, 14)
Percentage of censored data: 27.604166666666668%
Evaluation time points: [0.35835616 0.56493151 0.74958904 0.9369863  1.22191781 1.49369863
 1.92657534 2.50246575 3.40767123]
Training TabPFN with fixed evaluation times...
Using evaluation times as cuts: [0.35835616 0.56493151 0.74958904 0.9369863  1.22191781 1.49369863
 1.92657534 2.50246575 3.40767123]

Training set class distribution:
Class A: 611 (45.6%)
Class B: 594 (44.3%)
Class C: 37 (2.8%)
Class D: 98 (7.3%)
Total samples: 1340
Training Mitra classifier...
Using evaluation times as cuts: [0.35835616 0.56493151 0.74958904 0.9369863  1.22191781 1.49369863
 1.92657534 2.50246575 3.40767123]

Training set class distribution:
Class A: 733 (45.0%)
Class B: 733 (45.0%)
Class C: 45 (2.8%)
Class D: 119 (7.3%)
Total samples: 1630
Training Mitra classifier on classification dataset...
==================================================
Final test results for dataset d.oropha.rec:
Number of eval time points: 9
Validation C-index (Score): 0.6320
Test C-index: 0.6751
Test interval Brier Score (IBS): 0.1724
Test mean AUC: 0.7311
==================================================

Processing dataset: dataOvarian1
Dataset shape: (912, 162)
Percentage of censored data: 40.35087719298245%
Evaluation time points: [ 133.   234.6  293.2  360.   450.   547.8  688.   935.4 1380. ]
Training TabPFN with fixed evaluation times...
Using evaluation times as cuts: [ 133.   234.6  293.2  360.   450.   547.8  688.   935.4 1380. ]

Training set class distribution:
Class A: 2907 (45.6%)
Class B: 2810 (44.0%)
Class C: 266 (4.2%)
Class D: 397 (6.2%)
Total samples: 6380
Training Mitra classifier...
Using evaluation times as cuts: [ 133.   234.6  293.2  360.   450.   547.8  688.   935.4 1380. ]

Training set class distribution:
Class A: 3477 (44.9%)
Class B: 3467 (44.7%)
Class C: 323 (4.2%)
Class D: 483 (6.2%)
Total samples: 7750
Training Mitra classifier on classification dataset...
==================================================
Final test results for dataset dataOvarian1:
Number of eval time points: 9
Validation C-index (Score): 0.6293
Test C-index: 0.6411
Test interval Brier Score (IBS): 0.1807
Test mean AUC: 0.6988
==================================================

Processing dataset: diabetes
Dataset shape: (394, 6)
Percentage of censored data: 60.659898477157356%
Evaluation time points: [ 5.71426051 10.71096943 19.03137065 30.24842288 38.77760938 42.74651846
 50.03401072 56.69281437 63.84877228]
Training TabPFN with fixed evaluation times...
Using evaluation times as cuts: [ 5.71426051 10.71096943 19.03137065 30.24842288 38.77760938 42.74651846
 50.03401072 56.69281437 63.84877228]

Training set class distribution:
Class A: 1225 (44.5%)
Class B: 1250 (45.5%)
Class C: 167 (6.1%)
Class D: 108 (3.9%)
Total samples: 2750
Training Mitra classifier...
Using evaluation times as cuts: [ 5.71426051 10.71096943 19.03137065 30.24842288 38.77760938 42.74651846
 50.03401072 56.69281437 63.84877228]

Training set class distribution:
Class A: 1503 (45.0%)
Class B: 1503 (45.0%)
Class C: 203 (6.1%)
Class D: 131 (3.9%)
Total samples: 3340
Training Mitra classifier on classification dataset...
==================================================
Final test results for dataset diabetes:
Number of eval time points: 9
Validation C-index (Score): 0.6217
Test C-index: 0.6084
Test interval Brier Score (IBS): 0.2209
Test mean AUC: 0.6461
==================================================

Processing dataset: e1684
Dataset shape: (284, 5)
Percentage of censored data: 30.985915492957744%
Evaluation time points: [0.15342 0.28767 0.46027 0.8274  1.48767 2.31507 4.45205 6.13699 7.63836]
Training TabPFN with fixed evaluation times...
Using evaluation times as cuts: [0.15342 0.28767 0.46027 0.8274  1.48767 2.31507 4.45205 6.13699 7.63836]

Training set class distribution:
Class A: 883 (44.6%)
Class B: 889 (44.9%)
Class C: 64 (3.2%)
Class D: 144 (7.3%)
Total samples: 1980
Training Mitra classifier...
Using evaluation times as cuts: [0.15342 0.28767 0.46027 0.8274  1.48767 2.31507 4.45205 6.13699 7.63836]

Training set class distribution:
Class A: 1079 (44.8%)
Class B: 1076 (44.6%)
Class C: 77 (3.2%)
Class D: 178 (7.4%)
Total samples: 2410
Training Mitra classifier on classification dataset...
==================================================
Final test results for dataset e1684:
Number of eval time points: 9
Validation C-index (Score): 0.3806
Test C-index: 0.5952
Test interval Brier Score (IBS): 0.2278
Test mean AUC: 0.6588
==================================================

Processing dataset: follic
Dataset shape: (541, 7)
Percentage of censored data: 35.67467652495379%
Evaluation time points: [ 0.57604381  1.41711157  2.3266256   3.74537988  5.46475017  6.99301848
  9.11047228 12.92922656 18.0752909 ]
Training TabPFN with fixed evaluation times...
Using evaluation times as cuts: [ 0.57604381  1.41711157  2.3266256   3.74537988  5.46475017  6.99301848
  9.11047228 12.92922656 18.0752909 ]

Training set class distribution:
Class A: 1707 (45.3%)
Class B: 1685 (44.7%)
Class C: 136 (3.6%)
Class D: 242 (6.4%)
Total samples: 3770
Training Mitra classifier...
Using evaluation times as cuts: [ 0.57604381  1.41711157  2.3266256   3.74537988  5.46475017  6.99301848
  9.11047228 12.92922656 18.0752909 ]

Training set class distribution:
Class A: 2065 (45.0%)
Class B: 2064 (45.0%)
Class C: 165 (3.6%)
Class D: 296 (6.4%)
Total samples: 4590
Training Mitra classifier on classification dataset...
==================================================
Final test results for dataset follic:
Number of eval time points: 9
Validation C-index (Score): 0.6347
Test C-index: 0.6250
Test interval Brier Score (IBS): 0.2121
Test mean AUC: 0.6959
==================================================

Processing dataset: glioma
Dataset shape: (37, 6)
Percentage of censored data: 37.83783783783784%
Evaluation time points: [15. 28. 36. 48. 51.]
Training TabPFN with fixed evaluation times...
Using evaluation times as cuts: [15. 28. 36. 48. 51.]

Training set class distribution:
Class A: 68 (45.3%)
Class B: 51 (34.0%)
Class C: 14 (9.3%)
Class D: 17 (11.3%)
Total samples: 150
Training Mitra classifier...
Using evaluation times as cuts: [15. 28. 36. 48. 51.]

Training set class distribution:
Class A: 90 (48.4%)
Class B: 59 (31.7%)
Class C: 16 (8.6%)
Class D: 21 (11.3%)
Total samples: 186
Training Mitra classifier on classification dataset...
==================================================
Final test results for dataset glioma:
Number of eval time points: 5
Validation C-index (Score): 0.7143
Test C-index: 0.8571
Test interval Brier Score (IBS): 0.1578
Test mean AUC: 0.8333
==================================================

Processing dataset: grace
Dataset shape: (1000, 7)
Percentage of censored data: 67.60000000000001%
Evaluation time points: [  3.    7.   15.   80.  176.5]
Training TabPFN with fixed evaluation times...
Using evaluation times as cuts: [  3.    7.   15.   80.  176.5]

Training set class distribution:
Class A: 997 (23.8%)
Class B: 2442 (58.2%)
Class C: 504 (12.0%)
Class D: 251 (6.0%)
Total samples: 4194
Training Mitra classifier...
Using evaluation times as cuts: [  3.    7.   15.   80.  176.5]

Training set class distribution:
Class A: 1228 (24.1%)
Class B: 2956 (58.0%)
Class C: 611 (12.0%)
Class D: 305 (6.0%)
Total samples: 5100
Training Mitra classifier on classification dataset...
==================================================
Final test results for dataset grace:
Number of eval time points: 5
Validation C-index (Score): 0.5207
Test C-index: 0.4943
Test interval Brier Score (IBS): 0.4611
Test mean AUC: 0.5692
==================================================

Processing dataset: hepatoCellular
Dataset shape: (227, 45)
Percentage of censored data: 57.268722466960355%
Evaluation time points: [ 9.  13.  20.  29.  36.5 44.  50.  61.  67.9]
Training TabPFN with fixed evaluation times...
Using evaluation times as cuts: [ 9.  13.  20.  29.  36.5 44.  50.  61.  67.9]

Training set class distribution:
Class A: 694 (43.9%)
Class B: 712 (45.1%)
Class C: 101 (6.4%)
Class D: 73 (4.6%)
Total samples: 1580
Training Mitra classifier...
Using evaluation times as cuts: [ 9.  13.  20.  29.  36.5 44.  50.  61.  67.9]

Training set class distribution:
Class A: 853 (44.4%)
Class B: 848 (44.2%)
Class C: 124 (6.5%)
Class D: 95 (4.9%)
Total samples: 1920
Training Mitra classifier on classification dataset...
==================================================
Final test results for dataset hepatoCellular:
Number of eval time points: 9
Validation C-index (Score): 0.6764
Test C-index: 0.4266
Test interval Brier Score (IBS): 0.1977
Test mean AUC: 0.6819
==================================================

Processing dataset: mgus
Dataset shape: (241, 11)
Percentage of censored data: 6.639004149377594%
Evaluation time points: [  757.3  1766.6  2675.3  3581.2  4923.5  5927.4  6761.8  9043.8 11416. ]
Training TabPFN with fixed evaluation times...
Using evaluation times as cuts: [  757.3  1766.6  2675.3  3581.2  4923.5  5927.4  6761.8  9043.8 11416. ]

Training set class distribution:
Class A: 743 (44.5%)
Class B: 760 (45.5%)
Class C: 11 (0.7%)
Class D: 156 (9.3%)
Total samples: 1670
Training Mitra classifier...
Using evaluation times as cuts: [  757.3  1766.6  2675.3  3581.2  4923.5  5927.4  6761.8  9043.8 11416. ]

Training set class distribution:
Class A: 918 (45.0%)
Class B: 918 (45.0%)
Class C: 14 (0.7%)
Class D: 190 (9.3%)
Total samples: 2040
Training Mitra classifier on classification dataset...
==================================================
Final test results for dataset mgus:
Number of eval time points: 9
Validation C-index (Score): 0.7296
Test C-index: 0.7104
Test interval Brier Score (IBS): 0.1418
Test mean AUC: 0.8245
==================================================

Processing dataset: nki70
Dataset shape: (144, 77)
Percentage of censored data: 66.66666666666666%
Evaluation time points: [ 2.23052704  3.48199863  5.31937029  6.15468857  6.99520876  7.83353867
  9.06502396 10.74934976 12.56153319]
Training TabPFN with fixed evaluation times...
Using evaluation times as cuts: [ 2.23052704  3.48199863  5.31937029  6.15468857  6.99520876  7.83353867
  9.06502396 10.74934976 12.56153319]

Training set class distribution:
Class A: 461 (46.1%)
Class B: 438 (43.8%)
Class C: 66 (6.6%)
Class D: 35 (3.5%)
Total samples: 1000
Training Mitra classifier...
Using evaluation times as cuts: [ 2.23052704  3.48199863  5.31937029  6.15468857  6.99520876  7.83353867
  9.06502396 10.74934976 12.56153319]

Training set class distribution:
Class A: 548 (44.9%)
Class B: 548 (44.9%)
Class C: 82 (6.7%)
Class D: 42 (3.4%)
Total samples: 1220
Training Mitra classifier on classification dataset...
==================================================
Final test results for dataset nki70:
Number of eval time points: 9
Validation C-index (Score): 0.6437
Test C-index: 0.7840
Test interval Brier Score (IBS): 0.1797
Test mean AUC: 0.8329
==================================================

Processing dataset: ova
Dataset shape: (358, 7)
Percentage of censored data: 25.69832402234637%
Evaluation time points: [ 162.8  280.4  442.3  582.4  754.5 1047.6 1542.1 1824.4 2068.4]
Training TabPFN with fixed evaluation times...
Using evaluation times as cuts: [ 162.8  280.4  442.3  582.4  754.5 1047.6 1542.1 1824.4 2068.4]

Training set class distribution:
Class A: 1132 (45.3%)
Class B: 1118 (44.7%)
Class C: 64 (2.6%)
Class D: 186 (7.4%)
Total samples: 2500
Training Mitra classifier...
Using evaluation times as cuts: [ 162.8  280.4  442.3  582.4  754.5 1047.6 1542.1 1824.4 2068.4]

Training set class distribution:
Class A: 1368 (45.0%)
Class B: 1368 (45.0%)
Class C: 78 (2.6%)
Class D: 226 (7.4%)
Total samples: 3040
Training Mitra classifier on classification dataset...
==================================================
Final test results for dataset ova:
Number of eval time points: 9
Validation C-index (Score): 0.5781
Test C-index: 0.6862
Test interval Brier Score (IBS): 0.2296
Test mean AUC: 0.7372
==================================================

Processing dataset: ovarian
Dataset shape: (26, 6)
Percentage of censored data: 53.84615384615385%
Evaluation time points: [390.2 437.8 469.5 528.6 769.7]
Training TabPFN with fixed evaluation times...
Using evaluation times as cuts: [390.2 437.8 469.5 528.6 769.7]

Training set class distribution:
Class A: 40 (37.0%)
Class B: 50 (46.3%)
Class C: 10 (9.3%)
Class D: 8 (7.4%)
Total samples: 108
Training Mitra classifier...
Using evaluation times as cuts: [390.2 437.8 469.5 528.6 769.7]

Training set class distribution:
Class A: 55 (41.7%)
Class B: 55 (41.7%)
Class C: 12 (9.1%)
Class D: 10 (7.6%)
Total samples: 132
Training Mitra classifier on classification dataset...
==================================================
Final test results for dataset ovarian:
Number of eval time points: 5
Validation C-index (Score): 0.6000
Test C-index: 0.4000
Test interval Brier Score (IBS): 0.3093
Test mean AUC: 0.2895
==================================================

Processing dataset: pbc
Dataset shape: (312, 8)
Percentage of censored data: 59.93589743589743%
Evaluation time points: [ 575.6 1024.  1320.2 1573.2 1882.  2262.4 2561.6 3072.4 3693. ]
Training TabPFN with fixed evaluation times...
Using evaluation times as cuts: [ 575.6 1024.  1320.2 1573.2 1882.  2262.4 2561.6 3072.4 3693. ]

Training set class distribution:
Class A: 959 (44.0%)
Class B: 1001 (45.9%)
Class C: 133 (6.1%)
Class D: 87 (4.0%)
Total samples: 2180
Training Mitra classifier...
Using evaluation times as cuts: [ 575.6 1024.  1320.2 1573.2 1882.  2262.4 2561.6 3072.4 3693. ]

Training set class distribution:
Class A: 1192 (45.0%)
Class B: 1191 (44.9%)
Class C: 161 (6.1%)
Class D: 106 (4.0%)
Total samples: 2650
Training Mitra classifier on classification dataset...
==================================================
Final test results for dataset pbc:
Number of eval time points: 9
Validation C-index (Score): 0.6897
Test C-index: 0.7697
Test interval Brier Score (IBS): 0.1790
Test mean AUC: 0.7524
==================================================

Processing dataset: pharmacoSmoking
Dataset shape: (125, 13)
Percentage of censored data: 28.799999999999997%
Evaluation time points: [ 1.  4. 14. 28. 56. 77.]
Training TabPFN with fixed evaluation times...
Using evaluation times as cuts: [ 1.  4. 14. 28. 56. 77.]

Training set class distribution:
Class A: 179 (29.4%)
Class B: 321 (52.7%)
Class C: 25 (4.1%)
Class D: 84 (13.8%)
Total samples: 609
Training Mitra classifier...
Using evaluation times as cuts: [ 1.  4. 14. 28. 56. 77.]

Training set class distribution:
Class A: 211 (28.4%)
Class B: 400 (53.9%)
Class C: 31 (4.2%)
Class D: 100 (13.5%)
Total samples: 742
Training Mitra classifier on classification dataset...
==================================================
Final test results for dataset pharmacoSmoking:
Number of eval time points: 6
Validation C-index (Score): 0.5484
Test C-index: 0.6395
Test interval Brier Score (IBS): 0.1953
Test mean AUC: 0.7283
==================================================

Processing dataset: phpl04K8a
Dataset shape: (442, 23)
Percentage of censored data: 46.60633484162896%
Evaluation time points: [0.87166667 1.63166667 2.42666667 3.17166667 3.99166667 4.81133333
 5.7535     6.74333333 8.11333333]
Training TabPFN with fixed evaluation times...
Using evaluation times as cuts: [0.87166667 1.63166667 2.42666667 3.17166667 3.99166667 4.81133333
 5.7535     6.74333333 8.11333333]

Training set class distribution:
Class A: 1391 (45.2%)
Class B: 1380 (44.8%)
Class C: 144 (4.7%)
Class D: 165 (5.4%)
Total samples: 3080
Training Mitra classifier...
Using evaluation times as cuts: [0.87166667 1.63166667 2.42666667 3.17166667 3.99166667 4.81133333
 5.7535     6.74333333 8.11333333]

Training set class distribution:
Class A: 1687 (45.0%)
Class B: 1687 (45.0%)
Class C: 175 (4.7%)
Class D: 201 (5.4%)
Total samples: 3750
Training Mitra classifier on classification dataset...
==================================================
Final test results for dataset phpl04K8a:
Number of eval time points: 9
Validation C-index (Score): 0.6931
Test C-index: 0.5943
Test interval Brier Score (IBS): 0.2341
Test mean AUC: 0.6256
==================================================

Processing dataset: prostate
Dataset shape: (502, 17)
Percentage of censored data: 29.482071713147413%
Evaluation time points: [ 5. 12. 19. 26. 33. 46. 53. 60. 67.]
Training TabPFN with fixed evaluation times...
Using evaluation times as cuts: [ 5. 12. 19. 26. 33. 46. 53. 60. 67.]

Training set class distribution:
Class A: 1558 (44.5%)
Class B: 1530 (43.7%)
Class C: 118 (3.4%)
Class D: 294 (8.4%)
Total samples: 3500
Training Mitra classifier...
Using evaluation times as cuts: [ 5. 12. 19. 26. 33. 46. 53. 60. 67.]

Training set class distribution:
Class A: 1876 (44.0%)
Class B: 1885 (44.2%)
Class C: 144 (3.4%)
Class D: 355 (8.3%)
Total samples: 4260
Training Mitra classifier on classification dataset...
==================================================
Final test results for dataset prostate:
Number of eval time points: 9
Validation C-index (Score): 0.5379
Test C-index: 0.5506
Test interval Brier Score (IBS): 0.2139
Test mean AUC: 0.6214
==================================================

Processing dataset: retinopathy
Dataset shape: (394, 9)
Percentage of censored data: 60.659898477157356%
Evaluation time points: [ 5.688 10.66  18.99  30.24  38.73  42.716 49.996 56.662 63.8  ]
Training TabPFN with fixed evaluation times...
Using evaluation times as cuts: [ 5.688 10.66  18.99  30.24  38.73  42.716 49.996 56.662 63.8  ]

Training set class distribution:
Class A: 1224 (44.5%)
Class B: 1248 (45.4%)
Class C: 170 (6.2%)
Class D: 108 (3.9%)
Total samples: 2750
Training Mitra classifier...
Using evaluation times as cuts: [ 5.688 10.66  18.99  30.24  38.73  42.716 49.996 56.662 63.8  ]

Training set class distribution:
Class A: 1501 (44.9%)
Class B: 1501 (44.9%)
Class C: 207 (6.2%)
Class D: 131 (3.9%)
Total samples: 3340
Training Mitra classifier on classification dataset...
==================================================
Final test results for dataset retinopathy:
Number of eval time points: 9
Validation C-index (Score): 0.6688
Test C-index: 0.6974
Test interval Brier Score (IBS): 0.1984
Test mean AUC: 0.8018
==================================================

Processing dataset: stagec
Dataset shape: (146, 9)
Percentage of censored data: 63.013698630136986%
Evaluation time points: [ 1.93  3.32  4.49  5.24  5.9   6.5   7.31  8.9  11.61]
Training TabPFN with fixed evaluation times...
Using evaluation times as cuts: [ 1.93  3.32  4.49  5.24  5.9   6.5   7.31  8.9  11.61]

Training set class distribution:
Class A: 451 (44.2%)
Class B: 466 (45.7%)
Class C: 65 (6.4%)
Class D: 38 (3.7%)
Total samples: 1020
Training Mitra classifier...
Using evaluation times as cuts: [ 1.93  3.32  4.49  5.24  5.9   6.5   7.31  8.9  11.61]

Training set class distribution:
Class A: 556 (44.8%)
Class B: 557 (44.9%)
Class C: 81 (6.5%)
Class D: 46 (3.7%)
Total samples: 1240
Training Mitra classifier on classification dataset...
==================================================
Final test results for dataset stagec:
Number of eval time points: 9
Validation C-index (Score): 0.6480
Test C-index: 0.7287
Test interval Brier Score (IBS): 0.1911
Test mean AUC: 0.7284
==================================================

Processing dataset: uis
Dataset shape: (628, 10)
Percentage of censored data: 19.10828025477707%
Evaluation time points: [ 26.4  59.   90.  122.8 168.  218.4 296.4 501.6 555. ]
Training TabPFN with fixed evaluation times...
Using evaluation times as cuts: [ 26.4  59.   90.  122.8 168.  218.4 296.4 501.6 555. ]

Training set class distribution:
Class A: 1970 (45.0%)
Class B: 1961 (44.8%)
Class C: 87 (2.0%)
Class D: 362 (8.3%)
Total samples: 4380
Training Mitra classifier...
Using evaluation times as cuts: [ 26.4  59.   90.  122.8 168.  218.4 296.4 501.6 555. ]

Training set class distribution:
Class A: 2394 (44.9%)
Class B: 2390 (44.8%)
Class C: 105 (2.0%)
Class D: 441 (8.3%)
Total samples: 5330
Training Mitra classifier on classification dataset...
==================================================
Final test results for dataset uis:
Number of eval time points: 9
Validation C-index (Score): 0.5405
Test C-index: 0.6051
Test interval Brier Score (IBS): 0.1855
Test mean AUC: 0.6518
==================================================

Processing dataset: veteran
Dataset shape: (137, 8)
Percentage of censored data: 6.569343065693431%
Evaluation time points: [ 10.5  19.   30.5  51.   76.5  99.  120.  162.  285. ]
Training TabPFN with fixed evaluation times...
Using evaluation times as cuts: [ 10.5  19.   30.5  51.   76.5  99.  120.  162.  285. ]

Training set class distribution:
Class A: 456 (48.0%)
Class B: 392 (41.3%)
Class C: 7 (0.7%)
Class D: 95 (10.0%)
Total samples: 950
Training Mitra classifier...
Using evaluation times as cuts: [ 10.5  19.   30.5  51.   76.5  99.  120.  162.  285. ]

Training set class distribution:
Class A: 515 (44.4%)
Class B: 520 (44.8%)
Class C: 8 (0.7%)
Class D: 117 (10.1%)
Total samples: 1160
Training Mitra classifier on classification dataset...
==================================================
Final test results for dataset veteran:
Number of eval time points: 9
Validation C-index (Score): 0.5354
Test C-index: 0.6875
Test interval Brier Score (IBS): 0.1901
Test mean AUC: 0.7994
==================================================

Processing dataset: vlbw
Dataset shape: (617, 24)
Percentage of censored data: 82.6580226904376%
Evaluation time points: [  6.   14.6  23.   31.   39.   47.   59.   75.  102. ]
Training TabPFN with fixed evaluation times...
Using evaluation times as cuts: [  6.   14.6  23.   31.   39.   47.   59.   75.  102. ]

Training set class distribution:
Class A: 1915 (44.4%)
Class B: 1925 (44.7%)
Class C: 390 (9.0%)
Class D: 80 (1.9%)
Total samples: 4310
Training Mitra classifier...
Using evaluation times as cuts: [  6.   14.6  23.   31.   39.   47.   59.   75.  102. ]

Training set class distribution:
Class A: 2336 (44.6%)
Class B: 2331 (44.5%)
Class C: 476 (9.1%)
Class D: 97 (1.9%)
Total samples: 5240
Training Mitra classifier on classification dataset...
==================================================
Final test results for dataset vlbw:
Number of eval time points: 9
Validation C-index (Score): 0.9236
Test C-index: 0.8978
Test interval Brier Score (IBS): 0.0822
Test mean AUC: 0.8842
==================================================

Processing dataset: whas500
Dataset shape: (461, 18)
Percentage of censored data: 61.82212581344903%
Evaluation time points: [ 101.  343.  437.  532.  903. 1187. 1320. 1579. 2009.]
Training TabPFN with fixed evaluation times...
Using evaluation times as cuts: [ 101.  343.  437.  532.  903. 1187. 1320. 1579. 2009.]

Training set class distribution:
Class A: 1468 (45.7%)
Class B: 1411 (44.0%)
Class C: 206 (6.4%)
Class D: 125 (3.9%)
Total samples: 3210
Training Mitra classifier...
Using evaluation times as cuts: [ 101.  343.  437.  532.  903. 1187. 1320. 1579. 2009.]

Training set class distribution:
Class A: 1754 (44.9%)
Class B: 1753 (44.8%)
Class C: 250 (6.4%)
Class D: 153 (3.9%)
Total samples: 3910
Training Mitra classifier on classification dataset...
==================================================
Final test results for dataset whas500:
Number of eval time points: 9
Validation C-index (Score): 0.7940
Test C-index: 0.8307
Test interval Brier Score (IBS): 0.1667
Test mean AUC: 0.8119
==================================================

Processing dataset: zinc
Dataset shape: (431, 15)
Percentage of censored data: 81.20649651972158%
Evaluation time points: [1072.5 2557.  3872.  4897. ]
Training TabPFN with fixed evaluation times...
Using evaluation times as cuts: [1072.5 2557.  3872.  4897. ]

Training set class distribution:
Class A: 289 (19.2%)
Class B: 913 (60.7%)
Class C: 246 (16.3%)
Class D: 57 (3.8%)
Total samples: 1505
Training Mitra classifier...
Using evaluation times as cuts: [1072.5 2557.  3872.  4897. ]

Training set class distribution:
Class A: 366 (20.0%)
Class B: 1096 (59.9%)
Class C: 299 (16.3%)
Class D: 69 (3.8%)
Total samples: 1830
Training Mitra classifier on classification dataset...
==================================================
Final test results for dataset zinc:
Number of eval time points: 4
Validation C-index (Score): 0.7251
Test C-index: 0.5868
Test interval Brier Score (IBS): 0.2563
Test mean AUC: 0.6369
Total runtime: 0h 2m 36s
