============================================================
TABPFN SURVIVAL ANALYSIS: BINARY vs MULTI-CLASS COMPARISON
============================================================
Loaded data for 32 datasets
Binary approach datasets: 32
Multi-class approach datasets: 32
Common datasets for comparison: 32

============================================================
SUMMARY STATISTICS
============================================================

Binary Classification Approach:
         c_index        ibs   mean_auc
count  32.000000  32.000000  32.000000
mean    0.639791   0.201422   0.678225
std     0.141920   0.046387   0.168077
min     0.200000   0.082700   0.166700
25%     0.568525   0.180450   0.611450
50%     0.649050   0.197450   0.706600
75%     0.727175   0.235575   0.790700
max     0.932700   0.275400   0.895900

Multi-class (A/B/C/D) Classification Approach:
         c_index        ibs   mean_auc
count  32.000000  32.000000  32.000000
mean    0.660425   0.203272   0.700269
std     0.134321   0.050679   0.144848
min     0.431800   0.079500   0.301800
25%     0.580550   0.177725   0.621575
50%     0.641800   0.200250   0.689200
75%     0.744800   0.230375   0.792550
max     1.000000   0.299000   1.000000

Evaluation Configuration:
Binary approach n_bins distribution:
n_bins
3     1
4     1
5     3
6     1
8     1
9    25
Name: count, dtype: int64

Multi-class approach n_eval_times distribution:
n_eval_times
3     1
4     1
5     3
6     1
8     1
9    25
Name: count, dtype: int64

============================================================
STATISTICAL COMPARISON
============================================================

C_INDEX (Higher is better*):
  Binary mean:      0.6398 ± 0.1419
  Multi-class mean: 0.6604 ± 0.1343
  Difference:       -0.0206 ± 0.1534
  Better approach:  Multi-class
  Wins: Binary=14, Multi-class=16, Ties=2
  Paired t-test:    t=-0.761, p=0.4525
  Wilcoxon test:    W=223.0, p=0.8451
  Effect size (d):  -0.149
  Effect size:      negligible

IBS (Higher is better - LOWER IS BETTER*):
  Binary mean:      0.2014 ± 0.0464
  Multi-class mean: 0.2033 ± 0.0507
  Difference:       -0.0019 ± 0.0335
  Better approach:  Binary
  Wins: Binary=14, Multi-class=16, Ties=2
  Paired t-test:    t=-0.313, p=0.7566
  Wilcoxon test:    W=211.5, p=0.6658
  Effect size (d):  -0.038
  Effect size:      negligible

MEAN_AUC (Higher is better*):
  Binary mean:      0.6782 ± 0.1681
  Multi-class mean: 0.7003 ± 0.1448
  Difference:       -0.0220 ± 0.1610
  Better approach:  Multi-class
  Wins: Binary=16, Multi-class=16, Ties=0
  Paired t-test:    t=-0.774, p=0.4445
  Wilcoxon test:    W=241.0, p=0.6780
  Effect size (d):  -0.141
  Effect size:      negligible

============================================================
DETAILED ANALYSIS
============================================================

Datasets where Binary Classification significantly outperforms Multi-class:

C_INDEX:
  stagec: Binary=0.6744, Multi-class=0.4961, Diff=0.1783
  GBSG2: Binary=0.7511, Multi-class=0.6104, Diff=0.1407
  Melanoma: Binary=0.6736, Multi-class=0.5959, Diff=0.0777

IBS:
  Melanoma: Binary=0.2146, Multi-class=0.2954, Diff=0.0808
  pharmacoSmoking: Binary=0.2358, Multi-class=0.2827, Diff=0.0469
  cost: Binary=0.1885, Multi-class=0.2296, Diff=0.0411

MEAN_AUC:
  GBSG2: Binary=0.7970, Multi-class=0.6765, Diff=0.1205
  prostate: Binary=0.6364, Multi-class=0.5406, Diff=0.0958
  nki70: Binary=0.8819, Multi-class=0.7872, Diff=0.0947

Datasets where Multi-class Classification significantly outperforms Binary:

C_INDEX:
  ovarian: Binary=0.2000, Multi-class=1.0000, Diff=0.8000
  hepatoCellular: Binary=0.5978, Multi-class=0.6821, Diff=0.0843
  cancer: Binary=0.5605, Multi-class=0.6390, Diff=0.0785

IBS:
  ovarian: Binary=0.2715, Multi-class=0.1499, Diff=0.1216
  cancer: Binary=0.2355, Multi-class=0.1994, Diff=0.0361
  colon: Binary=0.2582, Multi-class=0.2228, Diff=0.0354

MEAN_AUC:
  ovarian: Binary=0.1667, Multi-class=1.0000, Diff=0.8333
  cancer: Binary=0.4882, Multi-class=0.6738, Diff=0.1856
  burn: Binary=0.2087, Multi-class=0.3018, Diff=0.0931

============================================================
CREATING VISUALIZATIONS
============================================================
Saved: performance_comparison_scatter.png
Saved: dataset_wise_comparison.png

============================================================
FINAL SUMMARY
============================================================

Overall Performance Summary:
  Binary approach wins:     1/3 metrics
  Multi-class approach wins: 2/3 metrics

🏆 WINNER: Multi-class (A/B/C/D) Classification Approach

Key Insights:
- Total datasets compared: 32
- Binary approach: Uses hyperparameter tuning for n_bins
- Multi-class approach: Uses fixed evaluation time points (n_eval_times)
- Statistical significance should be interpreted considering p-values
- Effect sizes indicate practical significance of differences
- Individual dataset performance may vary significantly

Comparison results saved to: binary_vs_multiclass_comparison.csv
Total runtime: 0h 0m 5s
